{"/Users/apple/Documents/coding-projects/project-alpha-master/src/infrastructure/persistence/stores/workspace-store-factory.ts": {"path":"/Users/apple/Documents/coding-projects/project-alpha-master/src/infrastructure/persistence/stores/workspace-store-factory.ts","statementMap":{"0":{"start":{"line":27,"column":22},"end":{"line":27,"column":null}},"1":{"start":{"line":34,"column":2},"end":{"line":34,"column":null}},"2":{"start":{"line":60,"column":23},"end":{"line":60,"column":null}},"3":{"start":{"line":63,"column":2},"end":{"line":65,"column":null}},"4":{"start":{"line":64,"column":4},"end":{"line":64,"column":null}},"5":{"start":{"line":68,"column":8},"end":{"line":71,"column":null}},"6":{"start":{"line":68,"column":59},"end":{"line":71,"column":4}},"7":{"start":{"line":70,"column":46},"end":{"line":70,"column":null}},"8":{"start":{"line":74,"column":2},"end":{"line":74,"column":null}},"9":{"start":{"line":76,"column":2},"end":{"line":76,"column":null}},"10":{"start":{"line":84,"column":2},"end":{"line":84,"column":null}},"11":{"start":{"line":92,"column":2},"end":{"line":92,"column":null}}},"fnMap":{"0":{"name":"createCompositeKey","decl":{"start":{"line":33,"column":9},"end":{"line":33,"column":28}},"loc":{"start":{"line":33,"column":76},"end":{"line":35,"column":null}},"line":33},"1":{"name":"createWorkspaceStore","decl":{"start":{"line":56,"column":16},"end":{"line":56,"column":null}},"loc":{"start":{"line":59,"column":15},"end":{"line":77,"column":null}},"line":59},"2":{"name":"(anonymous_2)","decl":{"start":{"line":68,"column":49},"end":{"line":68,"column":50}},"loc":{"start":{"line":68,"column":59},"end":{"line":71,"column":4}},"line":68},"3":{"name":"(anonymous_3)","decl":{"start":{"line":70,"column":23},"end":{"line":70,"column":24}},"loc":{"start":{"line":70,"column":46},"end":{"line":70,"column":null}},"line":70},"4":{"name":"clearStoreRegistry","decl":{"start":{"line":83,"column":16},"end":{"line":83,"column":43}},"loc":{"start":{"line":83,"column":43},"end":{"line":85,"column":null}},"line":83},"5":{"name":"getStoreCount","decl":{"start":{"line":91,"column":16},"end":{"line":91,"column":40}},"loc":{"start":{"line":91,"column":40},"end":{"line":93,"column":null}},"line":91}},"branchMap":{"0":{"loc":{"start":{"line":63,"column":2},"end":{"line":65,"column":null}},"type":"if","locations":[{"start":{"line":63,"column":2},"end":{"line":65,"column":null}},{"start":{},"end":{}}],"line":63}},"s":{"0":1,"1":18,"2":18,"3":18,"4":3,"5":15,"6":15,"7":0,"8":15,"9":15,"10":19,"11":9},"f":{"0":18,"1":18,"2":15,"3":0,"4":19,"5":9},"b":{"0":[3,15]},"meta":{"lastBranch":1,"lastFunction":6,"lastStatement":12,"seen":{"s:27:22:27:Infinity":0,"f:33:9:33:28":0,"s:34:2:34:Infinity":1,"f:56:16:56:Infinity":1,"s:60:23:60:Infinity":2,"b:63:2:65:Infinity:undefined:undefined:undefined:undefined":0,"s:63:2:65:Infinity":3,"s:64:4:64:Infinity":4,"s:68:8:71:Infinity":5,"f:68:49:68:50":2,"s:68:59:71:4":6,"f:70:23:70:24":3,"s:70:46:70:Infinity":7,"s:74:2:74:Infinity":8,"s:76:2:76:Infinity":9,"f:83:16:83:43":4,"s:84:2:84:Infinity":10,"f:91:16:91:40":5,"s:92:2:92:Infinity":11}}}
}
