{"/Users/apple/Documents/coding-projects/project-alpha-master/src/infrastructure/filesystem/file-ops.ts": {"path":"/Users/apple/Documents/coding-projects/project-alpha-master/src/infrastructure/filesystem/file-ops.ts","statementMap":{"0":{"start":{"line":30,"column":4},"end":{"line":30,"column":null}},"1":{"start":{"line":32,"column":4},"end":{"line":64,"column":null}},"2":{"start":{"line":33,"column":27},"end":{"line":33,"column":null}},"3":{"start":{"line":34,"column":21},"end":{"line":34,"column":null}},"4":{"start":{"line":36,"column":8},"end":{"line":42,"column":null}},"5":{"start":{"line":37,"column":25},"end":{"line":37,"column":null}},"6":{"start":{"line":38,"column":12},"end":{"line":41,"column":null}},"7":{"start":{"line":44,"column":24},"end":{"line":44,"column":null}},"8":{"start":{"line":45,"column":8},"end":{"line":48,"column":null}},"9":{"start":{"line":50,"column":8},"end":{"line":52,"column":null}},"10":{"start":{"line":51,"column":12},"end":{"line":51,"column":null}},"11":{"start":{"line":55,"column":8},"end":{"line":57,"column":null}},"12":{"start":{"line":56,"column":12},"end":{"line":56,"column":null}},"13":{"start":{"line":59,"column":8},"end":{"line":63,"column":null}},"14":{"start":{"line":75,"column":4},"end":{"line":75,"column":null}},"15":{"start":{"line":77,"column":4},"end":{"line":94,"column":null}},"16":{"start":{"line":78,"column":27},"end":{"line":78,"column":null}},"17":{"start":{"line":79,"column":25},"end":{"line":79,"column":null}},"18":{"start":{"line":81,"column":8},"end":{"line":85,"column":null}},"19":{"start":{"line":82,"column":12},"end":{"line":82,"column":null}},"20":{"start":{"line":84,"column":12},"end":{"line":84,"column":null}},"21":{"start":{"line":87,"column":8},"end":{"line":87,"column":null}},"22":{"start":{"line":87,"column":46},"end":{"line":87,"column":null}},"23":{"start":{"line":89,"column":8},"end":{"line":93,"column":null}},"24":{"start":{"line":104,"column":4},"end":{"line":104,"column":null}},"25":{"start":{"line":106,"column":4},"end":{"line":168,"column":null}},"26":{"start":{"line":143,"column":22},"end":{"line":143,"column":null}},"27":{"start":{"line":143,"column":50},"end":{"line":143,"column":62}},"28":{"start":{"line":144,"column":25},"end":{"line":144,"column":null}},"29":{"start":{"line":145,"column":8},"end":{"line":145,"column":null}},"30":{"start":{"line":145,"column":23},"end":{"line":145,"column":null}},"31":{"start":{"line":147,"column":24},"end":{"line":147,"column":null}},"32":{"start":{"line":148,"column":8},"end":{"line":152,"column":null}},"33":{"start":{"line":150,"column":51},"end":{"line":150,"column":null}},"34":{"start":{"line":151,"column":12},"end":{"line":151,"column":null}},"35":{"start":{"line":154,"column":8},"end":{"line":154,"column":null}},"36":{"start":{"line":157,"column":8},"end":{"line":159,"column":null}},"37":{"start":{"line":158,"column":12},"end":{"line":158,"column":null}},"38":{"start":{"line":161,"column":8},"end":{"line":161,"column":null}},"39":{"start":{"line":161,"column":46},"end":{"line":161,"column":null}},"40":{"start":{"line":163,"column":8},"end":{"line":167,"column":null}},"41":{"start":{"line":180,"column":4},"end":{"line":180,"column":null}},"42":{"start":{"line":182,"column":4},"end":{"line":224,"column":null}},"43":{"start":{"line":184,"column":32},"end":{"line":184,"column":null}},"44":{"start":{"line":185,"column":24},"end":{"line":190,"column":null}},"45":{"start":{"line":188,"column":37},"end":{"line":188,"column":null}},"46":{"start":{"line":189,"column":16},"end":{"line":189,"column":null}},"47":{"start":{"line":193,"column":24},"end":{"line":193,"column":null}},"48":{"start":{"line":194,"column":8},"end":{"line":206,"column":null}},"49":{"start":{"line":195,"column":26},"end":{"line":195,"column":null}},"50":{"start":{"line":196,"column":33},"end":{"line":196,"column":null}},"51":{"start":{"line":197,"column":35},"end":{"line":199,"column":null}},"52":{"start":{"line":200,"column":24},"end":{"line":202,"column":null}},"53":{"start":{"line":204,"column":12},"end":{"line":204,"column":null}},"54":{"start":{"line":205,"column":12},"end":{"line":205,"column":null}},"55":{"start":{"line":208,"column":24},"end":{"line":210,"column":null}},"56":{"start":{"line":213,"column":8},"end":{"line":213,"column":null}},"57":{"start":{"line":215,"column":8},"end":{"line":215,"column":null}},"58":{"start":{"line":217,"column":8},"end":{"line":217,"column":null}},"59":{"start":{"line":217,"column":46},"end":{"line":217,"column":null}},"60":{"start":{"line":219,"column":8},"end":{"line":223,"column":null}},"61":{"start":{"line":236,"column":4},"end":{"line":236,"column":null}},"62":{"start":{"line":238,"column":4},"end":{"line":259,"column":null}},"63":{"start":{"line":239,"column":27},"end":{"line":239,"column":null}},"64":{"start":{"line":240,"column":21},"end":{"line":240,"column":null}},"65":{"start":{"line":243,"column":20},"end":{"line":243,"column":null}},"66":{"start":{"line":244,"column":18},"end":{"line":244,"column":null}},"67":{"start":{"line":245,"column":8},"end":{"line":245,"column":null}},"68":{"start":{"line":246,"column":8},"end":{"line":246,"column":null}},"69":{"start":{"line":247,"column":8},"end":{"line":247,"column":null}},"70":{"start":{"line":248,"column":8},"end":{"line":248,"column":null}},"71":{"start":{"line":249,"column":8},"end":{"line":249,"column":null}},"72":{"start":{"line":250,"column":8},"end":{"line":250,"column":null}},"73":{"start":{"line":252,"column":8},"end":{"line":252,"column":null}},"74":{"start":{"line":252,"column":46},"end":{"line":252,"column":null}},"75":{"start":{"line":254,"column":8},"end":{"line":258,"column":null}},"76":{"start":{"line":269,"column":4},"end":{"line":285,"column":null}},"77":{"start":{"line":270,"column":25},"end":{"line":270,"column":null}},"78":{"start":{"line":272,"column":8},"end":{"line":276,"column":null}},"79":{"start":{"line":275,"column":12},"end":{"line":275,"column":null}},"80":{"start":{"line":278,"column":8},"end":{"line":278,"column":null}},"81":{"start":{"line":280,"column":8},"end":{"line":284,"column":null}},"82":{"start":{"line":295,"column":4},"end":{"line":316,"column":null}},"83":{"start":{"line":301,"column":8},"end":{"line":309,"column":null}},"84":{"start":{"line":304,"column":12},"end":{"line":304,"column":null}},"85":{"start":{"line":307,"column":12},"end":{"line":307,"column":null}},"86":{"start":{"line":308,"column":12},"end":{"line":308,"column":null}},"87":{"start":{"line":311,"column":8},"end":{"line":315,"column":null}},"88":{"start":{"line":325,"column":4},"end":{"line":327,"column":null}},"89":{"start":{"line":326,"column":8},"end":{"line":326,"column":null}},"90":{"start":{"line":330,"column":25},"end":{"line":330,"column":null}},"91":{"start":{"line":331,"column":4},"end":{"line":333,"column":null}},"92":{"start":{"line":332,"column":8},"end":{"line":332,"column":null}},"93":{"start":{"line":336,"column":26},"end":{"line":336,"column":null}},"94":{"start":{"line":337,"column":4},"end":{"line":339,"column":null}},"95":{"start":{"line":338,"column":8},"end":{"line":338,"column":null}},"96":{"start":{"line":342,"column":4},"end":{"line":344,"column":null}},"97":{"start":{"line":343,"column":8},"end":{"line":343,"column":null}},"98":{"start":{"line":346,"column":4},"end":{"line":346,"column":null}}},"fnMap":{"0":{"name":"readFile","decl":{"start":{"line":25,"column":22},"end":{"line":25,"column":null}},"loc":{"start":{"line":29,"column":50},"end":{"line":65,"column":null}},"line":29},"1":{"name":"writeFile","decl":{"start":{"line":70,"column":22},"end":{"line":70,"column":null}},"loc":{"start":{"line":74,"column":17},"end":{"line":95,"column":null}},"line":74},"2":{"name":"deleteFile","decl":{"start":{"line":100,"column":22},"end":{"line":100,"column":null}},"loc":{"start":{"line":103,"column":17},"end":{"line":169,"column":null}},"line":103},"3":{"name":"(anonymous_3)","decl":{"start":{"line":143,"column":45},"end":{"line":143,"column":50}},"loc":{"start":{"line":143,"column":50},"end":{"line":143,"column":62}},"line":143},"4":{"name":"duplicateFile","decl":{"start":{"line":175,"column":22},"end":{"line":175,"column":null}},"loc":{"start":{"line":179,"column":19},"end":{"line":225,"column":null}},"line":179},"5":{"name":"(anonymous_5)","decl":{"start":{"line":187,"column":21},"end":{"line":187,"column":33}},"loc":{"start":{"line":187,"column":33},"end":{"line":190,"column":15}},"line":187},"6":{"name":"downloadFile","decl":{"start":{"line":231,"column":22},"end":{"line":231,"column":null}},"loc":{"start":{"line":235,"column":17},"end":{"line":260,"column":null}},"line":235},"7":{"name":"copyPathToClipboard","decl":{"start":{"line":265,"column":22},"end":{"line":265,"column":null}},"loc":{"start":{"line":268,"column":17},"end":{"line":286,"column":null}},"line":268},"8":{"name":"revealInFileManager","decl":{"start":{"line":292,"column":22},"end":{"line":292,"column":null}},"loc":{"start":{"line":294,"column":17},"end":{"line":317,"column":null}},"line":294},"9":{"name":"validateFileName","decl":{"start":{"line":323,"column":16},"end":{"line":323,"column":33}},"loc":{"start":{"line":323,"column":83},"end":{"line":347,"column":null}},"line":323}},"branchMap":{"0":{"loc":{"start":{"line":28,"column":4},"end":{"line":28,"column":null}},"type":"default-arg","locations":[{"start":{"line":28,"column":49},"end":{"line":28,"column":null}}],"line":28},"1":{"loc":{"start":{"line":36,"column":8},"end":{"line":42,"column":null}},"type":"if","locations":[{"start":{"line":36,"column":8},"end":{"line":42,"column":null}},{"start":{},"end":{}}],"line":36},"2":{"loc":{"start":{"line":40,"column":26},"end":{"line":40,"column":null}},"type":"binary-expr","locations":[{"start":{"line":40,"column":26},"end":{"line":40,"column":39}},{"start":{"line":40,"column":39},"end":{"line":40,"column":null}}],"line":40},"3":{"loc":{"start":{"line":50,"column":8},"end":{"line":52,"column":null}},"type":"if","locations":[{"start":{"line":50,"column":8},"end":{"line":52,"column":null}},{"start":{},"end":{}}],"line":50},"4":{"loc":{"start":{"line":55,"column":8},"end":{"line":57,"column":null}},"type":"if","locations":[{"start":{"line":55,"column":8},"end":{"line":57,"column":null}},{"start":{},"end":{}}],"line":55},"5":{"loc":{"start":{"line":87,"column":8},"end":{"line":87,"column":null}},"type":"if","locations":[{"start":{"line":87,"column":8},"end":{"line":87,"column":null}},{"start":{},"end":{}}],"line":87},"6":{"loc":{"start":{"line":145,"column":8},"end":{"line":145,"column":null}},"type":"if","locations":[{"start":{"line":145,"column":8},"end":{"line":145,"column":null}},{"start":{},"end":{}}],"line":145},"7":{"loc":{"start":{"line":148,"column":8},"end":{"line":152,"column":null}},"type":"if","locations":[{"start":{"line":148,"column":8},"end":{"line":152,"column":null}},{"start":{},"end":{}}],"line":148},"8":{"loc":{"start":{"line":157,"column":8},"end":{"line":159,"column":null}},"type":"if","locations":[{"start":{"line":157,"column":8},"end":{"line":159,"column":null}},{"start":{},"end":{}}],"line":157},"9":{"loc":{"start":{"line":161,"column":8},"end":{"line":161,"column":null}},"type":"if","locations":[{"start":{"line":161,"column":8},"end":{"line":161,"column":null}},{"start":{},"end":{}}],"line":161},"10":{"loc":{"start":{"line":185,"column":24},"end":{"line":190,"column":null}},"type":"cond-expr","locations":[{"start":{"line":186,"column":14},"end":{"line":186,"column":null}},{"start":{"line":187,"column":14},"end":{"line":190,"column":null}}],"line":185},"11":{"loc":{"start":{"line":194,"column":8},"end":{"line":206,"column":null}},"type":"if","locations":[{"start":{"line":194,"column":8},"end":{"line":206,"column":null}},{"start":{},"end":{}}],"line":194},"12":{"loc":{"start":{"line":197,"column":35},"end":{"line":199,"column":null}},"type":"cond-expr","locations":[{"start":{"line":198,"column":18},"end":{"line":198,"column":null}},{"start":{"line":199,"column":18},"end":{"line":199,"column":null}}],"line":197},"13":{"loc":{"start":{"line":200,"column":24},"end":{"line":202,"column":null}},"type":"cond-expr","locations":[{"start":{"line":201,"column":18},"end":{"line":201,"column":null}},{"start":{"line":202,"column":18},"end":{"line":202,"column":null}}],"line":200},"14":{"loc":{"start":{"line":208,"column":24},"end":{"line":210,"column":null}},"type":"cond-expr","locations":[{"start":{"line":208,"column":34},"end":{"line":208,"column":44}},{"start":{"line":208,"column":44},"end":{"line":210,"column":null}}],"line":208},"15":{"loc":{"start":{"line":208,"column":44},"end":{"line":210,"column":null}},"type":"cond-expr","locations":[{"start":{"line":209,"column":14},"end":{"line":209,"column":null}},{"start":{"line":210,"column":14},"end":{"line":210,"column":null}}],"line":208},"16":{"loc":{"start":{"line":217,"column":8},"end":{"line":217,"column":null}},"type":"if","locations":[{"start":{"line":217,"column":8},"end":{"line":217,"column":null}},{"start":{},"end":{}}],"line":217},"17":{"loc":{"start":{"line":246,"column":21},"end":{"line":246,"column":null}},"type":"binary-expr","locations":[{"start":{"line":246,"column":21},"end":{"line":246,"column":39}},{"start":{"line":246,"column":39},"end":{"line":246,"column":null}}],"line":246},"18":{"loc":{"start":{"line":252,"column":8},"end":{"line":252,"column":null}},"type":"if","locations":[{"start":{"line":252,"column":8},"end":{"line":252,"column":null}},{"start":{},"end":{}}],"line":252},"19":{"loc":{"start":{"line":267,"column":4},"end":{"line":267,"column":null}},"type":"default-arg","locations":[{"start":{"line":267,"column":24},"end":{"line":267,"column":null}}],"line":267},"20":{"loc":{"start":{"line":272,"column":8},"end":{"line":276,"column":null}},"type":"if","locations":[{"start":{"line":272,"column":8},"end":{"line":276,"column":null}},{"start":{},"end":{}}],"line":272},"21":{"loc":{"start":{"line":301,"column":8},"end":{"line":309,"column":null}},"type":"if","locations":[{"start":{"line":301,"column":8},"end":{"line":309,"column":null}},{"start":{"line":305,"column":15},"end":{"line":309,"column":null}}],"line":301},"22":{"loc":{"start":{"line":325,"column":4},"end":{"line":327,"column":null}},"type":"if","locations":[{"start":{"line":325,"column":4},"end":{"line":327,"column":null}},{"start":{},"end":{}}],"line":325},"23":{"loc":{"start":{"line":325,"column":8},"end":{"line":325,"column":43}},"type":"binary-expr","locations":[{"start":{"line":325,"column":8},"end":{"line":325,"column":17}},{"start":{"line":325,"column":17},"end":{"line":325,"column":43}}],"line":325},"24":{"loc":{"start":{"line":331,"column":4},"end":{"line":333,"column":null}},"type":"if","locations":[{"start":{"line":331,"column":4},"end":{"line":333,"column":null}},{"start":{},"end":{}}],"line":331},"25":{"loc":{"start":{"line":337,"column":4},"end":{"line":339,"column":null}},"type":"if","locations":[{"start":{"line":337,"column":4},"end":{"line":339,"column":null}},{"start":{},"end":{}}],"line":337},"26":{"loc":{"start":{"line":342,"column":4},"end":{"line":344,"column":null}},"type":"if","locations":[{"start":{"line":342,"column":4},"end":{"line":344,"column":null}},{"start":{},"end":{}}],"line":342},"27":{"loc":{"start":{"line":342,"column":8},"end":{"line":342,"column":98}},"type":"binary-expr","locations":[{"start":{"line":342,"column":8},"end":{"line":342,"column":32}},{"start":{"line":342,"column":32},"end":{"line":342,"column":54}},{"start":{"line":342,"column":54},"end":{"line":342,"column":78}},{"start":{"line":342,"column":78},"end":{"line":342,"column":98}}],"line":342}},"s":{"0":0,"1":0,"2":0,"3":0,"4":0,"5":0,"6":0,"7":0,"8":0,"9":0,"10":0,"11":0,"12":0,"13":0,"14":0,"15":0,"16":0,"17":0,"18":0,"19":0,"20":0,"21":0,"22":0,"23":0,"24":0,"25":0,"26":0,"27":0,"28":0,"29":0,"30":0,"31":0,"32":0,"33":0,"34":0,"35":0,"36":0,"37":0,"38":0,"39":0,"40":0,"41":0,"42":0,"43":0,"44":0,"45":0,"46":0,"47":0,"48":0,"49":0,"50":0,"51":0,"52":0,"53":0,"54":0,"55":0,"56":0,"57":0,"58":0,"59":0,"60":0,"61":0,"62":0,"63":0,"64":0,"65":0,"66":0,"67":0,"68":0,"69":0,"70":0,"71":0,"72":0,"73":0,"74":0,"75":0,"76":0,"77":0,"78":0,"79":0,"80":0,"81":0,"82":0,"83":0,"84":0,"85":0,"86":0,"87":0,"88":0,"89":0,"90":0,"91":0,"92":0,"93":0,"94":0,"95":0,"96":0,"97":0,"98":0},"f":{"0":0,"1":0,"2":0,"3":0,"4":0,"5":0,"6":0,"7":0,"8":0,"9":0},"b":{"0":[0],"1":[0,0],"2":[0,0],"3":[0,0],"4":[0,0],"5":[0,0],"6":[0,0],"7":[0,0],"8":[0,0],"9":[0,0],"10":[0,0],"11":[0,0],"12":[0,0],"13":[0,0],"14":[0,0],"15":[0,0],"16":[0,0],"17":[0,0],"18":[0,0],"19":[0],"20":[0,0],"21":[0,0],"22":[0,0],"23":[0,0],"24":[0,0],"25":[0,0],"26":[0,0],"27":[0,0,0,0]},"meta":{"lastBranch":28,"lastFunction":10,"lastStatement":99,"seen":{"f:25:22:25:Infinity":0,"b:28:49:28:Infinity":0,"s:30:4:30:Infinity":0,"s:32:4:64:Infinity":1,"s:33:27:33:Infinity":2,"s:34:21:34:Infinity":3,"b:36:8:42:Infinity:undefined:undefined:undefined:undefined":1,"s:36:8:42:Infinity":4,"s:37:25:37:Infinity":5,"s:38:12:41:Infinity":6,"b:40:26:40:39:40:39:40:Infinity":2,"s:44:24:44:Infinity":7,"s:45:8:48:Infinity":8,"b:50:8:52:Infinity:undefined:undefined:undefined:undefined":3,"s:50:8:52:Infinity":9,"s:51:12:51:Infinity":10,"b:55:8:57:Infinity:undefined:undefined:undefined:undefined":4,"s:55:8:57:Infinity":11,"s:56:12:56:Infinity":12,"s:59:8:63:Infinity":13,"f:70:22:70:Infinity":1,"s:75:4:75:Infinity":14,"s:77:4:94:Infinity":15,"s:78:27:78:Infinity":16,"s:79:25:79:Infinity":17,"s:81:8:85:Infinity":18,"s:82:12:82:Infinity":19,"s:84:12:84:Infinity":20,"b:87:8:87:Infinity:undefined:undefined:undefined:undefined":5,"s:87:8:87:Infinity":21,"s:87:46:87:Infinity":22,"s:89:8:93:Infinity":23,"f:100:22:100:Infinity":2,"s:104:4:104:Infinity":24,"s:106:4:168:Infinity":25,"s:143:22:143:Infinity":26,"f:143:45:143:50":3,"s:143:50:143:62":27,"s:144:25:144:Infinity":28,"b:145:8:145:Infinity:undefined:undefined:undefined:undefined":6,"s:145:8:145:Infinity":29,"s:145:23:145:Infinity":30,"s:147:24:147:Infinity":31,"b:148:8:152:Infinity:undefined:undefined:undefined:undefined":7,"s:148:8:152:Infinity":32,"s:150:51:150:Infinity":33,"s:151:12:151:Infinity":34,"s:154:8:154:Infinity":35,"b:157:8:159:Infinity:undefined:undefined:undefined:undefined":8,"s:157:8:159:Infinity":36,"s:158:12:158:Infinity":37,"b:161:8:161:Infinity:undefined:undefined:undefined:undefined":9,"s:161:8:161:Infinity":38,"s:161:46:161:Infinity":39,"s:163:8:167:Infinity":40,"f:175:22:175:Infinity":4,"s:180:4:180:Infinity":41,"s:182:4:224:Infinity":42,"s:184:32:184:Infinity":43,"s:185:24:190:Infinity":44,"b:186:14:186:Infinity:187:14:190:Infinity":10,"f:187:21:187:33":5,"s:188:37:188:Infinity":45,"s:189:16:189:Infinity":46,"s:193:24:193:Infinity":47,"b:194:8:206:Infinity:undefined:undefined:undefined:undefined":11,"s:194:8:206:Infinity":48,"s:195:26:195:Infinity":49,"s:196:33:196:Infinity":50,"s:197:35:199:Infinity":51,"b:198:18:198:Infinity:199:18:199:Infinity":12,"s:200:24:202:Infinity":52,"b:201:18:201:Infinity:202:18:202:Infinity":13,"s:204:12:204:Infinity":53,"s:205:12:205:Infinity":54,"s:208:24:210:Infinity":55,"b:208:34:208:44:208:44:210:Infinity":14,"b:209:14:209:Infinity:210:14:210:Infinity":15,"s:213:8:213:Infinity":56,"s:215:8:215:Infinity":57,"b:217:8:217:Infinity:undefined:undefined:undefined:undefined":16,"s:217:8:217:Infinity":58,"s:217:46:217:Infinity":59,"s:219:8:223:Infinity":60,"f:231:22:231:Infinity":6,"s:236:4:236:Infinity":61,"s:238:4:259:Infinity":62,"s:239:27:239:Infinity":63,"s:240:21:240:Infinity":64,"s:243:20:243:Infinity":65,"s:244:18:244:Infinity":66,"s:245:8:245:Infinity":67,"s:246:8:246:Infinity":68,"b:246:21:246:39:246:39:246:Infinity":17,"s:247:8:247:Infinity":69,"s:248:8:248:Infinity":70,"s:249:8:249:Infinity":71,"s:250:8:250:Infinity":72,"b:252:8:252:Infinity:undefined:undefined:undefined:undefined":18,"s:252:8:252:Infinity":73,"s:252:46:252:Infinity":74,"s:254:8:258:Infinity":75,"f:265:22:265:Infinity":7,"b:267:24:267:Infinity":19,"s:269:4:285:Infinity":76,"s:270:25:270:Infinity":77,"b:272:8:276:Infinity:undefined:undefined:undefined:undefined":20,"s:272:8:276:Infinity":78,"s:275:12:275:Infinity":79,"s:278:8:278:Infinity":80,"s:280:8:284:Infinity":81,"f:292:22:292:Infinity":8,"s:295:4:316:Infinity":82,"b:301:8:309:Infinity:305:15:309:Infinity":21,"s:301:8:309:Infinity":83,"s:304:12:304:Infinity":84,"s:307:12:307:Infinity":85,"s:308:12:308:Infinity":86,"s:311:8:315:Infinity":87,"f:323:16:323:33":9,"b:325:4:327:Infinity:undefined:undefined:undefined:undefined":22,"s:325:4:327:Infinity":88,"b:325:8:325:17:325:17:325:43":23,"s:326:8:326:Infinity":89,"s:330:25:330:Infinity":90,"b:331:4:333:Infinity:undefined:undefined:undefined:undefined":24,"s:331:4:333:Infinity":91,"s:332:8:332:Infinity":92,"s:336:26:336:Infinity":93,"b:337:4:339:Infinity:undefined:undefined:undefined:undefined":25,"s:337:4:339:Infinity":94,"s:338:8:338:Infinity":95,"b:342:4:344:Infinity:undefined:undefined:undefined:undefined":26,"s:342:4:344:Infinity":96,"b:342:8:342:32:342:32:342:54:342:54:342:78:342:78:342:98":27,"s:343:8:343:Infinity":97,"s:346:4:346:Infinity":98}}}
,"/Users/apple/Documents/coding-projects/project-alpha-master/src/infrastructure/filesystem/fs-errors.ts": {"path":"/Users/apple/Documents/coding-projects/project-alpha-master/src/infrastructure/filesystem/fs-errors.ts","statementMap":{"0":{"start":{"line":53,"column":8},"end":{"line":53,"column":null}},"1":{"start":{"line":50,"column":24},"end":{"line":50,"column":null}},"2":{"start":{"line":51,"column":24},"end":{"line":51,"column":null}},"3":{"start":{"line":54,"column":8},"end":{"line":54,"column":null}},"4":{"start":{"line":79,"column":8},"end":{"line":79,"column":null}},"5":{"start":{"line":80,"column":8},"end":{"line":80,"column":null}}},"fnMap":{"0":{"name":"(anonymous_0)","decl":{"start":{"line":48,"column":4},"end":{"line":48,"column":null}},"loc":{"start":{"line":52,"column":6},"end":{"line":55,"column":null}},"line":52},"1":{"name":"(anonymous_1)","decl":{"start":{"line":78,"column":4},"end":{"line":78,"column":16}},"loc":{"start":{"line":78,"column":70},"end":{"line":81,"column":null}},"line":78}},"branchMap":{"0":{"loc":{"start":{"line":78,"column":16},"end":{"line":78,"column":70}},"type":"default-arg","locations":[{"start":{"line":78,"column":26},"end":{"line":78,"column":70}}],"line":78}},"s":{"0":0,"1":0,"2":0,"3":0,"4":0,"5":0},"f":{"0":0,"1":0},"b":{"0":[0]},"meta":{"lastBranch":1,"lastFunction":2,"lastStatement":6,"seen":{"f:48:4:48:Infinity":0,"s:53:8:53:Infinity":0,"s:50:24:50:Infinity":1,"s:51:24:51:Infinity":2,"s:54:8:54:Infinity":3,"f:78:4:78:16":1,"b:78:26:78:70":0,"s:79:8:79:Infinity":4,"s:80:8:80:Infinity":5}}}
,"/Users/apple/Documents/coding-projects/project-alpha-master/src/infrastructure/filesystem/fs-handle-utils.ts": {"path":"/Users/apple/Documents/coding-projects/project-alpha-master/src/infrastructure/filesystem/fs-handle-utils.ts","statementMap":{"0":{"start":{"line":31,"column":4},"end":{"line":33,"column":null}},"1":{"start":{"line":32,"column":8},"end":{"line":32,"column":null}},"2":{"start":{"line":35,"column":18},"end":{"line":35,"column":null}},"3":{"start":{"line":37,"column":4},"end":{"line":39,"column":null}},"4":{"start":{"line":38,"column":8},"end":{"line":38,"column":null}},"5":{"start":{"line":41,"column":4},"end":{"line":41,"column":null}}},"fnMap":{"0":{"name":"walkDirectorySegments","decl":{"start":{"line":26,"column":22},"end":{"line":26,"column":null}},"loc":{"start":{"line":30,"column":38},"end":{"line":42,"column":null}},"line":30}},"branchMap":{"0":{"loc":{"start":{"line":29,"column":4},"end":{"line":29,"column":null}},"type":"default-arg","locations":[{"start":{"line":29,"column":13},"end":{"line":29,"column":null}}],"line":29},"1":{"loc":{"start":{"line":31,"column":4},"end":{"line":33,"column":null}},"type":"if","locations":[{"start":{"line":31,"column":4},"end":{"line":33,"column":null}},{"start":{},"end":{}}],"line":31}},"s":{"0":0,"1":0,"2":0,"3":0,"4":0,"5":0},"f":{"0":0},"b":{"0":[0],"1":[0,0]},"meta":{"lastBranch":2,"lastFunction":1,"lastStatement":6,"seen":{"f:26:22:26:Infinity":0,"b:29:13:29:Infinity":0,"b:31:4:33:Infinity:undefined:undefined:undefined:undefined":1,"s:31:4:33:Infinity":0,"s:32:8:32:Infinity":1,"s:35:18:35:Infinity":2,"s:37:4:39:Infinity":3,"s:38:8:38:Infinity":4,"s:41:4:41:Infinity":5}}}
,"/Users/apple/Documents/coding-projects/project-alpha-master/src/infrastructure/filesystem/fsa-gateway.ts": {"path":"/Users/apple/Documents/coding-projects/project-alpha-master/src/infrastructure/filesystem/fsa-gateway.ts","statementMap":{"0":{"start":{"line":62,"column":2},"end":{"line":64,"column":null}},"1":{"start":{"line":63,"column":4},"end":{"line":63,"column":null}},"2":{"start":{"line":66,"column":2},"end":{"line":66,"column":null}},"3":{"start":{"line":107,"column":42},"end":{"line":107,"column":null}},"4":{"start":{"line":108,"column":65},"end":{"line":108,"column":null}},"5":{"start":{"line":109,"column":51},"end":{"line":109,"column":null}},"6":{"start":{"line":110,"column":52},"end":{"line":110,"column":null}},"7":{"start":{"line":111,"column":71},"end":{"line":111,"column":null}},"8":{"start":{"line":112,"column":39},"end":{"line":115,"column":null}},"9":{"start":{"line":123,"column":4},"end":{"line":123,"column":null}},"10":{"start":{"line":138,"column":4},"end":{"line":152,"column":null}},"11":{"start":{"line":139,"column":21},"end":{"line":141,"column":null}},"12":{"start":{"line":143,"column":19},"end":{"line":143,"column":null}},"13":{"start":{"line":144,"column":6},"end":{"line":144,"column":null}},"14":{"start":{"line":146,"column":18},"end":{"line":146,"column":null}},"15":{"start":{"line":147,"column":6},"end":{"line":151,"column":null}},"16":{"start":{"line":163,"column":4},"end":{"line":183,"column":null}},"17":{"start":{"line":165,"column":6},"end":{"line":172,"column":null}},"18":{"start":{"line":166,"column":24},"end":{"line":166,"column":null}},"19":{"start":{"line":167,"column":21},"end":{"line":167,"column":null}},"20":{"start":{"line":168,"column":8},"end":{"line":168,"column":null}},"21":{"start":{"line":171,"column":8},"end":{"line":171,"column":null}},"22":{"start":{"line":175,"column":6},"end":{"line":175,"column":null}},"23":{"start":{"line":177,"column":18},"end":{"line":177,"column":null}},"24":{"start":{"line":178,"column":6},"end":{"line":182,"column":null}},"25":{"start":{"line":193,"column":21},"end":{"line":193,"column":null}},"26":{"start":{"line":194,"column":21},"end":{"line":194,"column":null}},"27":{"start":{"line":197,"column":14},"end":{"line":197,"column":null}},"28":{"start":{"line":198,"column":4},"end":{"line":200,"column":null}},"29":{"start":{"line":199,"column":6},"end":{"line":199,"column":null}},"30":{"start":{"line":202,"column":23},"end":{"line":202,"column":null}},"31":{"start":{"line":203,"column":21},"end":{"line":203,"column":null}},"32":{"start":{"line":204,"column":4},"end":{"line":204,"column":null}},"33":{"start":{"line":205,"column":4},"end":{"line":205,"column":null}},"34":{"start":{"line":215,"column":4},"end":{"line":225,"column":null}},"35":{"start":{"line":216,"column":6},"end":{"line":216,"column":null}},"36":{"start":{"line":217,"column":6},"end":{"line":217,"column":null}},"37":{"start":{"line":219,"column":18},"end":{"line":219,"column":null}},"38":{"start":{"line":220,"column":6},"end":{"line":224,"column":null}},"39":{"start":{"line":236,"column":4},"end":{"line":285,"column":null}},"40":{"start":{"line":237,"column":24},"end":{"line":239,"column":null}},"41":{"start":{"line":241,"column":35},"end":{"line":241,"column":null}},"42":{"start":{"line":245,"column":6},"end":{"line":275,"column":null}},"43":{"start":{"line":246,"column":26},"end":{"line":248,"column":null}},"44":{"start":{"line":250,"column":8},"end":{"line":274,"column":null}},"45":{"start":{"line":252,"column":10},"end":{"line":252,"column":null}},"46":{"start":{"line":253,"column":10},"end":{"line":258,"column":null}},"47":{"start":{"line":261,"column":10},"end":{"line":273,"column":null}},"48":{"start":{"line":262,"column":31},"end":{"line":262,"column":null}},"49":{"start":{"line":263,"column":25},"end":{"line":263,"column":null}},"50":{"start":{"line":264,"column":12},"end":{"line":269,"column":null}},"51":{"start":{"line":272,"column":12},"end":{"line":272,"column":null}},"52":{"start":{"line":277,"column":6},"end":{"line":277,"column":null}},"53":{"start":{"line":279,"column":18},"end":{"line":279,"column":null}},"54":{"start":{"line":280,"column":6},"end":{"line":284,"column":null}},"55":{"start":{"line":295,"column":4},"end":{"line":300,"column":null}},"56":{"start":{"line":296,"column":6},"end":{"line":296,"column":null}},"57":{"start":{"line":297,"column":6},"end":{"line":297,"column":null}},"58":{"start":{"line":299,"column":6},"end":{"line":299,"column":null}},"59":{"start":{"line":314,"column":4},"end":{"line":314,"column":null}},"60":{"start":{"line":317,"column":4},"end":{"line":323,"column":null}},"61":{"start":{"line":318,"column":6},"end":{"line":322,"column":null}},"62":{"start":{"line":319,"column":8},"end":{"line":319,"column":null}},"63":{"start":{"line":321,"column":8},"end":{"line":321,"column":null}},"64":{"start":{"line":326,"column":4},"end":{"line":333,"column":null}},"65":{"start":{"line":328,"column":8},"end":{"line":328,"column":null}},"66":{"start":{"line":329,"column":8},"end":{"line":331,"column":null}},"67":{"start":{"line":330,"column":10},"end":{"line":330,"column":null}},"68":{"start":{"line":344,"column":4},"end":{"line":382,"column":null}},"69":{"start":{"line":346,"column":24},"end":{"line":346,"column":null}},"70":{"start":{"line":348,"column":6},"end":{"line":350,"column":null}},"71":{"start":{"line":349,"column":8},"end":{"line":349,"column":null}},"72":{"start":{"line":353,"column":6},"end":{"line":372,"column":null}},"73":{"start":{"line":354,"column":8},"end":{"line":371,"column":null}},"74":{"start":{"line":355,"column":23},"end":{"line":355,"column":null}},"75":{"start":{"line":356,"column":10},"end":{"line":356,"column":null}},"76":{"start":{"line":356,"column":21},"end":{"line":356,"column":null}},"77":{"start":{"line":358,"column":10},"end":{"line":370,"column":null}},"78":{"start":{"line":359,"column":31},"end":{"line":361,"column":null}},"79":{"start":{"line":363,"column":26},"end":{"line":367,"column":null}},"80":{"start":{"line":369,"column":12},"end":{"line":369,"column":null}},"81":{"start":{"line":375,"column":7},"end":{"line":376,"column":null}},"82":{"start":{"line":377,"column":6},"end":{"line":377,"column":null}},"83":{"start":{"line":379,"column":6},"end":{"line":379,"column":null}},"84":{"start":{"line":380,"column":6},"end":{"line":380,"column":null}},"85":{"start":{"line":381,"column":6},"end":{"line":381,"column":null}},"86":{"start":{"line":389,"column":4},"end":{"line":389,"column":null}},"87":{"start":{"line":391,"column":4},"end":{"line":393,"column":null}},"88":{"start":{"line":392,"column":6},"end":{"line":392,"column":null}},"89":{"start":{"line":396,"column":4},"end":{"line":396,"column":null}},"90":{"start":{"line":403,"column":4},"end":{"line":408,"column":null}},"91":{"start":{"line":405,"column":6},"end":{"line":405,"column":null}},"92":{"start":{"line":406,"column":6},"end":{"line":406,"column":null}},"93":{"start":{"line":407,"column":6},"end":{"line":407,"column":null}},"94":{"start":{"line":410,"column":4},"end":{"line":414,"column":null}},"95":{"start":{"line":411,"column":6},"end":{"line":411,"column":null}},"96":{"start":{"line":412,"column":6},"end":{"line":412,"column":null}},"97":{"start":{"line":413,"column":6},"end":{"line":413,"column":null}},"98":{"start":{"line":416,"column":4},"end":{"line":416,"column":null}},"99":{"start":{"line":417,"column":4},"end":{"line":417,"column":null}},"100":{"start":{"line":418,"column":4},"end":{"line":418,"column":null}},"101":{"start":{"line":418,"column":43},"end":{"line":418,"column":62}},"102":{"start":{"line":419,"column":4},"end":{"line":419,"column":null}},"103":{"start":{"line":426,"column":4},"end":{"line":453,"column":null}},"104":{"start":{"line":427,"column":27},"end":{"line":427,"column":null}},"105":{"start":{"line":428,"column":25},"end":{"line":428,"column":null}},"106":{"start":{"line":431,"column":6},"end":{"line":442,"column":null}},"107":{"start":{"line":432,"column":8},"end":{"line":441,"column":null}},"108":{"start":{"line":433,"column":10},"end":{"line":433,"column":null}},"109":{"start":{"line":434,"column":10},"end":{"line":434,"column":null}},"110":{"start":{"line":436,"column":29},"end":{"line":436,"column":null}},"111":{"start":{"line":437,"column":10},"end":{"line":440,"column":null}},"112":{"start":{"line":438,"column":12},"end":{"line":438,"column":null}},"113":{"start":{"line":439,"column":12},"end":{"line":439,"column":null}},"114":{"start":{"line":445,"column":6},"end":{"line":450,"column":null}},"115":{"start":{"line":446,"column":8},"end":{"line":449,"column":null}},"116":{"start":{"line":447,"column":10},"end":{"line":447,"column":null}},"117":{"start":{"line":448,"column":10},"end":{"line":448,"column":null}},"118":{"start":{"line":452,"column":6},"end":{"line":452,"column":null}},"119":{"start":{"line":460,"column":4},"end":{"line":472,"column":null}},"120":{"start":{"line":461,"column":20},"end":{"line":461,"column":null}},"121":{"start":{"line":463,"column":6},"end":{"line":467,"column":null}},"122":{"start":{"line":464,"column":8},"end":{"line":466,"column":null}},"123":{"start":{"line":465,"column":10},"end":{"line":465,"column":null}},"124":{"start":{"line":469,"column":6},"end":{"line":469,"column":null}},"125":{"start":{"line":471,"column":6},"end":{"line":471,"column":null}},"126":{"start":{"line":482,"column":28},"end":{"line":482,"column":null}},"127":{"start":{"line":486,"column":4},"end":{"line":501,"column":null}},"128":{"start":{"line":487,"column":19},"end":{"line":487,"column":null}},"129":{"start":{"line":490,"column":6},"end":{"line":500,"column":null}},"130":{"start":{"line":491,"column":23},"end":{"line":491,"column":null}},"131":{"start":{"line":493,"column":8},"end":{"line":493,"column":null}},"132":{"start":{"line":493,"column":44},"end":{"line":493,"column":null}},"133":{"start":{"line":495,"column":25},"end":{"line":495,"column":null}},"134":{"start":{"line":496,"column":8},"end":{"line":496,"column":null}},"135":{"start":{"line":499,"column":8},"end":{"line":499,"column":null}},"136":{"start":{"line":503,"column":4},"end":{"line":503,"column":null}},"137":{"start":{"line":510,"column":4},"end":{"line":517,"column":null}},"138":{"start":{"line":511,"column":21},"end":{"line":511,"column":null}},"139":{"start":{"line":512,"column":19},"end":{"line":512,"column":null}},"140":{"start":{"line":514,"column":6},"end":{"line":514,"column":null}},"141":{"start":{"line":516,"column":6},"end":{"line":516,"column":null}},"142":{"start":{"line":524,"column":4},"end":{"line":535,"column":null}},"143":{"start":{"line":525,"column":21},"end":{"line":525,"column":null}},"144":{"start":{"line":526,"column":19},"end":{"line":526,"column":null}},"145":{"start":{"line":528,"column":6},"end":{"line":532,"column":null}},"146":{"start":{"line":534,"column":6},"end":{"line":534,"column":null}},"147":{"start":{"line":543,"column":26},"end":{"line":543,"column":null}},"148":{"start":{"line":544,"column":4},"end":{"line":546,"column":null}},"149":{"start":{"line":545,"column":6},"end":{"line":545,"column":null}},"150":{"start":{"line":549,"column":18},"end":{"line":558,"column":null}},"151":{"start":{"line":550,"column":6},"end":{"line":556,"column":null}},"152":{"start":{"line":551,"column":8},"end":{"line":555,"column":null}},"153":{"start":{"line":552,"column":10},"end":{"line":552,"column":null}},"154":{"start":{"line":554,"column":10},"end":{"line":554,"column":null}},"155":{"start":{"line":557,"column":6},"end":{"line":557,"column":null}},"156":{"start":{"line":560,"column":4},"end":{"line":560,"column":null}},"157":{"start":{"line":571,"column":21},"end":{"line":571,"column":null}},"158":{"start":{"line":572,"column":35},"end":{"line":572,"column":null}},"159":{"start":{"line":574,"column":4},"end":{"line":576,"column":null}},"160":{"start":{"line":575,"column":6},"end":{"line":575,"column":null}},"161":{"start":{"line":578,"column":4},"end":{"line":578,"column":null}},"162":{"start":{"line":585,"column":21},"end":{"line":585,"column":null}},"163":{"start":{"line":586,"column":14},"end":{"line":586,"column":null}},"164":{"start":{"line":588,"column":4},"end":{"line":590,"column":null}},"165":{"start":{"line":589,"column":6},"end":{"line":589,"column":null}},"166":{"start":{"line":592,"column":4},"end":{"line":592,"column":null}},"167":{"start":{"line":599,"column":21},"end":{"line":599,"column":null}},"168":{"start":{"line":600,"column":21},"end":{"line":600,"column":null}},"169":{"start":{"line":602,"column":14},"end":{"line":602,"column":null}},"170":{"start":{"line":603,"column":4},"end":{"line":605,"column":null}},"171":{"start":{"line":604,"column":6},"end":{"line":604,"column":null}},"172":{"start":{"line":607,"column":4},"end":{"line":607,"column":null}},"173":{"start":{"line":614,"column":4},"end":{"line":614,"column":null}},"174":{"start":{"line":622,"column":29},"end":{"line":625,"column":null}},"175":{"start":{"line":626,"column":16},"end":{"line":626,"column":null}},"176":{"start":{"line":627,"column":4},"end":{"line":627,"column":null}},"177":{"start":{"line":627,"column":40},"end":{"line":627,"column":null}},"178":{"start":{"line":630,"column":4},"end":{"line":632,"column":null}},"179":{"start":{"line":631,"column":6},"end":{"line":631,"column":null}},"180":{"start":{"line":631,"column":36},"end":{"line":631,"column":null}},"181":{"start":{"line":634,"column":4},"end":{"line":634,"column":null}},"182":{"start":{"line":641,"column":27},"end":{"line":646,"column":null}},"183":{"start":{"line":647,"column":16},"end":{"line":647,"column":null}},"184":{"start":{"line":648,"column":4},"end":{"line":648,"column":null}},"185":{"start":{"line":664,"column":4},"end":{"line":666,"column":null}},"186":{"start":{"line":665,"column":6},"end":{"line":665,"column":null}},"187":{"start":{"line":669,"column":4},"end":{"line":669,"column":null}},"188":{"start":{"line":681,"column":69},"end":{"line":683,"column":null}},"189":{"start":{"line":684,"column":20},"end":{"line":684,"column":null}},"190":{"start":{"line":685,"column":21},"end":{"line":685,"column":null}},"191":{"start":{"line":686,"column":16},"end":{"line":686,"column":null}},"192":{"start":{"line":688,"column":4},"end":{"line":734,"column":null}},"193":{"start":{"line":689,"column":22},"end":{"line":689,"column":null}},"194":{"start":{"line":690,"column":6},"end":{"line":690,"column":null}},"195":{"start":{"line":690,"column":20},"end":{"line":690,"column":null}},"196":{"start":{"line":692,"column":31},"end":{"line":692,"column":null}},"197":{"start":{"line":694,"column":6},"end":{"line":696,"column":null}},"198":{"start":{"line":695,"column":8},"end":{"line":695,"column":null}},"199":{"start":{"line":699,"column":6},"end":{"line":731,"column":null}},"200":{"start":{"line":700,"column":20},"end":{"line":700,"column":null}},"201":{"start":{"line":702,"column":8},"end":{"line":728,"column":null}},"202":{"start":{"line":703,"column":10},"end":{"line":727,"column":null}},"203":{"start":{"line":705,"column":32},"end":{"line":705,"column":null}},"204":{"start":{"line":706,"column":12},"end":{"line":712,"column":null}},"205":{"start":{"line":707,"column":14},"end":{"line":707,"column":null}},"206":{"start":{"line":708,"column":14},"end":{"line":711,"column":null}},"207":{"start":{"line":715,"column":12},"end":{"line":726,"column":null}},"208":{"start":{"line":716,"column":34},"end":{"line":716,"column":null}},"209":{"start":{"line":717,"column":14},"end":{"line":723,"column":null}},"210":{"start":{"line":718,"column":16},"end":{"line":718,"column":null}},"211":{"start":{"line":719,"column":16},"end":{"line":722,"column":null}},"212":{"start":{"line":733,"column":6},"end":{"line":733,"column":null}},"213":{"start":{"line":737,"column":4},"end":{"line":737,"column":null}},"214":{"start":{"line":738,"column":4},"end":{"line":738,"column":null}},"215":{"start":{"line":745,"column":4},"end":{"line":745,"column":null}}},"fnMap":{"0":{"name":"isFileSystemObserverSupported","decl":{"start":{"line":61,"column":9},"end":{"line":61,"column":50}},"loc":{"start":{"line":61,"column":50},"end":{"line":67,"column":null}},"line":61},"1":{"name":"(anonymous_1)","decl":{"start":{"line":122,"column":2},"end":{"line":122,"column":14}},"loc":{"start":{"line":122,"column":58},"end":{"line":124,"column":null}},"line":122},"2":{"name":"(anonymous_2)","decl":{"start":{"line":137,"column":8},"end":{"line":137,"column":13}},"loc":{"start":{"line":137,"column":48},"end":{"line":153,"column":null}},"line":137},"3":{"name":"(anonymous_3)","decl":{"start":{"line":162,"column":8},"end":{"line":162,"column":14}},"loc":{"start":{"line":162,"column":61},"end":{"line":184,"column":null}},"line":162},"4":{"name":"(anonymous_4)","decl":{"start":{"line":192,"column":16},"end":{"line":192,"column":32}},"loc":{"start":{"line":192,"column":82},"end":{"line":206,"column":null}},"line":192},"5":{"name":"(anonymous_5)","decl":{"start":{"line":214,"column":8},"end":{"line":214,"column":15}},"loc":{"start":{"line":214,"column":44},"end":{"line":226,"column":null}},"line":214},"6":{"name":"(anonymous_6)","decl":{"start":{"line":235,"column":8},"end":{"line":235,"column":13}},"loc":{"start":{"line":235,"column":49},"end":{"line":286,"column":null}},"line":235},"7":{"name":"(anonymous_7)","decl":{"start":{"line":294,"column":8},"end":{"line":294,"column":15}},"loc":{"start":{"line":294,"column":47},"end":{"line":301,"column":null}},"line":294},"8":{"name":"(anonymous_8)","decl":{"start":{"line":313,"column":2},"end":{"line":313,"column":8}},"loc":{"start":{"line":313,"column":51},"end":{"line":334,"column":null}},"line":313},"9":{"name":"(anonymous_9)","decl":{"start":{"line":327,"column":15},"end":{"line":327,"column":21}},"loc":{"start":{"line":327,"column":21},"end":{"line":332,"column":null}},"line":327},"10":{"name":"(anonymous_10)","decl":{"start":{"line":343,"column":10},"end":{"line":343,"column":37}},"loc":{"start":{"line":343,"column":37},"end":{"line":383,"column":null}},"line":343},"11":{"name":"(anonymous_11)","decl":{"start":{"line":353,"column":40},"end":{"line":353,"column":47}},"loc":{"start":{"line":353,"column":70},"end":{"line":372,"column":7}},"line":353},"12":{"name":"(anonymous_12)","decl":{"start":{"line":388,"column":10},"end":{"line":388,"column":36}},"loc":{"start":{"line":388,"column":36},"end":{"line":397,"column":null}},"line":388},"13":{"name":"(anonymous_13)","decl":{"start":{"line":391,"column":37},"end":{"line":391,"column":49}},"loc":{"start":{"line":391,"column":49},"end":{"line":393,"column":7}},"line":391},"14":{"name":"(anonymous_14)","decl":{"start":{"line":402,"column":10},"end":{"line":402,"column":31}},"loc":{"start":{"line":402,"column":31},"end":{"line":420,"column":null}},"line":402},"15":{"name":"(anonymous_15)","decl":{"start":{"line":418,"column":32},"end":{"line":418,"column":33}},"loc":{"start":{"line":418,"column":43},"end":{"line":418,"column":62}},"line":418},"16":{"name":"(anonymous_16)","decl":{"start":{"line":425,"column":16},"end":{"line":425,"column":49}},"loc":{"start":{"line":425,"column":49},"end":{"line":454,"column":null}},"line":425},"17":{"name":"(anonymous_17)","decl":{"start":{"line":459,"column":16},"end":{"line":459,"column":46}},"loc":{"start":{"line":459,"column":46},"end":{"line":473,"column":null}},"line":459},"18":{"name":"(anonymous_18)","decl":{"start":{"line":478,"column":16},"end":{"line":478,"column":null}},"loc":{"start":{"line":481,"column":23},"end":{"line":504,"column":null}},"line":481},"19":{"name":"(anonymous_19)","decl":{"start":{"line":509,"column":16},"end":{"line":509,"column":31}},"loc":{"start":{"line":509,"column":85},"end":{"line":518,"column":null}},"line":509},"20":{"name":"(anonymous_20)","decl":{"start":{"line":523,"column":16},"end":{"line":523,"column":31}},"loc":{"start":{"line":523,"column":60},"end":{"line":536,"column":null}},"line":523},"21":{"name":"(anonymous_21)","decl":{"start":{"line":541,"column":10},"end":{"line":541,"column":21}},"loc":{"start":{"line":541,"column":51},"end":{"line":561,"column":null}},"line":541},"22":{"name":"(anonymous_22)","decl":{"start":{"line":549,"column":29},"end":{"line":549,"column":35}},"loc":{"start":{"line":549,"column":35},"end":{"line":558,"column":7}},"line":549},"23":{"name":"(anonymous_23)","decl":{"start":{"line":570,"column":16},"end":{"line":570,"column":26}},"loc":{"start":{"line":570,"column":67},"end":{"line":579,"column":null}},"line":570},"24":{"name":"(anonymous_24)","decl":{"start":{"line":584,"column":16},"end":{"line":584,"column":42}},"loc":{"start":{"line":584,"column":92},"end":{"line":593,"column":null}},"line":584},"25":{"name":"(anonymous_25)","decl":{"start":{"line":598,"column":16},"end":{"line":598,"column":30}},"loc":{"start":{"line":598,"column":75},"end":{"line":608,"column":null}},"line":598},"26":{"name":"(anonymous_26)","decl":{"start":{"line":613,"column":10},"end":{"line":613,"column":30}},"loc":{"start":{"line":613,"column":53},"end":{"line":615,"column":null}},"line":613},"27":{"name":"(anonymous_27)","decl":{"start":{"line":620,"column":10},"end":{"line":620,"column":26}},"loc":{"start":{"line":620,"column":49},"end":{"line":635,"column":null}},"line":620},"28":{"name":"(anonymous_28)","decl":{"start":{"line":640,"column":10},"end":{"line":640,"column":21}},"loc":{"start":{"line":640,"column":44},"end":{"line":649,"column":null}},"line":640},"29":{"name":"(anonymous_29)","decl":{"start":{"line":662,"column":16},"end":{"line":662,"column":29}},"loc":{"start":{"line":662,"column":79},"end":{"line":670,"column":null}},"line":662},"30":{"name":"(anonymous_30)","decl":{"start":{"line":679,"column":16},"end":{"line":679,"column":34}},"loc":{"start":{"line":679,"column":90},"end":{"line":739,"column":null}},"line":679},"31":{"name":"(anonymous_31)","decl":{"start":{"line":744,"column":2},"end":{"line":744,"column":50}},"loc":{"start":{"line":744,"column":50},"end":{"line":746,"column":null}},"line":744}},"branchMap":{"0":{"loc":{"start":{"line":62,"column":2},"end":{"line":64,"column":null}},"type":"if","locations":[{"start":{"line":62,"column":2},"end":{"line":64,"column":null}},{"start":{},"end":{}}],"line":62},"1":{"loc":{"start":{"line":143,"column":19},"end":{"line":143,"column":null}},"type":"cond-expr","locations":[{"start":{"line":143,"column":38},"end":{"line":143,"column":52}},{"start":{"line":143,"column":52},"end":{"line":143,"column":null}}],"line":143},"2":{"loc":{"start":{"line":144,"column":13},"end":{"line":144,"column":null}},"type":"cond-expr","locations":[{"start":{"line":144,"column":42},"end":{"line":144,"column":49}},{"start":{"line":144,"column":49},"end":{"line":144,"column":null}}],"line":144},"3":{"loc":{"start":{"line":148,"column":42},"end":{"line":148,"column":72}},"type":"binary-expr","locations":[{"start":{"line":148,"column":42},"end":{"line":148,"column":57}},{"start":{"line":148,"column":57},"end":{"line":148,"column":72}}],"line":148},"4":{"loc":{"start":{"line":165,"column":6},"end":{"line":172,"column":null}},"type":"if","locations":[{"start":{"line":165,"column":6},"end":{"line":172,"column":null}},{"start":{"line":169,"column":13},"end":{"line":172,"column":null}}],"line":165},"5":{"loc":{"start":{"line":179,"column":43},"end":{"line":179,"column":73}},"type":"binary-expr","locations":[{"start":{"line":179,"column":43},"end":{"line":179,"column":58}},{"start":{"line":179,"column":58},"end":{"line":179,"column":73}}],"line":179},"6":{"loc":{"start":{"line":221,"column":39},"end":{"line":221,"column":69}},"type":"binary-expr","locations":[{"start":{"line":221,"column":39},"end":{"line":221,"column":54}},{"start":{"line":221,"column":54},"end":{"line":221,"column":69}}],"line":221},"7":{"loc":{"start":{"line":237,"column":24},"end":{"line":239,"column":null}},"type":"cond-expr","locations":[{"start":{"line":238,"column":10},"end":{"line":238,"column":null}},{"start":{"line":239,"column":10},"end":{"line":239,"column":null}}],"line":237},"8":{"loc":{"start":{"line":237,"column":24},"end":{"line":237,"column":null}},"type":"binary-expr","locations":[{"start":{"line":237,"column":24},"end":{"line":237,"column":40}},{"start":{"line":237,"column":40},"end":{"line":237,"column":null}}],"line":237},"9":{"loc":{"start":{"line":246,"column":26},"end":{"line":248,"column":null}},"type":"cond-expr","locations":[{"start":{"line":247,"column":12},"end":{"line":247,"column":null}},{"start":{"line":248,"column":12},"end":{"line":248,"column":null}}],"line":246},"10":{"loc":{"start":{"line":246,"column":26},"end":{"line":246,"column":null}},"type":"binary-expr","locations":[{"start":{"line":246,"column":26},"end":{"line":246,"column":42}},{"start":{"line":246,"column":42},"end":{"line":246,"column":null}}],"line":246},"11":{"loc":{"start":{"line":281,"column":47},"end":{"line":281,"column":77}},"type":"binary-expr","locations":[{"start":{"line":281,"column":47},"end":{"line":281,"column":62}},{"start":{"line":281,"column":62},"end":{"line":281,"column":77}}],"line":281},"12":{"loc":{"start":{"line":317,"column":4},"end":{"line":323,"column":null}},"type":"if","locations":[{"start":{"line":317,"column":4},"end":{"line":323,"column":null}},{"start":{},"end":{}}],"line":317},"13":{"loc":{"start":{"line":317,"column":8},"end":{"line":317,"column":52}},"type":"binary-expr","locations":[{"start":{"line":317,"column":8},"end":{"line":317,"column":31}},{"start":{"line":317,"column":31},"end":{"line":317,"column":52}}],"line":317},"14":{"loc":{"start":{"line":318,"column":6},"end":{"line":322,"column":null}},"type":"if","locations":[{"start":{"line":318,"column":6},"end":{"line":322,"column":null}},{"start":{"line":320,"column":13},"end":{"line":322,"column":null}}],"line":318},"15":{"loc":{"start":{"line":329,"column":8},"end":{"line":331,"column":null}},"type":"if","locations":[{"start":{"line":329,"column":8},"end":{"line":331,"column":null}},{"start":{},"end":{}}],"line":329},"16":{"loc":{"start":{"line":348,"column":6},"end":{"line":350,"column":null}},"type":"if","locations":[{"start":{"line":348,"column":6},"end":{"line":350,"column":null}},{"start":{},"end":{}}],"line":348},"17":{"loc":{"start":{"line":356,"column":10},"end":{"line":356,"column":null}},"type":"if","locations":[{"start":{"line":356,"column":10},"end":{"line":356,"column":null}},{"start":{},"end":{}}],"line":356},"18":{"loc":{"start":{"line":359,"column":31},"end":{"line":361,"column":null}},"type":"cond-expr","locations":[{"start":{"line":360,"column":16},"end":{"line":360,"column":null}},{"start":{"line":361,"column":16},"end":{"line":361,"column":null}}],"line":359},"19":{"loc":{"start":{"line":363,"column":26},"end":{"line":367,"column":null}},"type":"cond-expr","locations":[{"start":{"line":364,"column":16},"end":{"line":364,"column":null}},{"start":{"line":365,"column":17},"end":{"line":367,"column":null}}],"line":363},"20":{"loc":{"start":{"line":365,"column":17},"end":{"line":367,"column":null}},"type":"cond-expr","locations":[{"start":{"line":366,"column":18},"end":{"line":366,"column":null}},{"start":{"line":367,"column":18},"end":{"line":367,"column":null}}],"line":365},"21":{"loc":{"start":{"line":403,"column":4},"end":{"line":408,"column":null}},"type":"if","locations":[{"start":{"line":403,"column":4},"end":{"line":408,"column":null}},{"start":{},"end":{}}],"line":403},"22":{"loc":{"start":{"line":410,"column":4},"end":{"line":414,"column":null}},"type":"if","locations":[{"start":{"line":410,"column":4},"end":{"line":414,"column":null}},{"start":{},"end":{}}],"line":410},"23":{"loc":{"start":{"line":432,"column":8},"end":{"line":441,"column":null}},"type":"if","locations":[{"start":{"line":432,"column":8},"end":{"line":441,"column":null}},{"start":{"line":435,"column":15},"end":{"line":441,"column":null}}],"line":432},"24":{"loc":{"start":{"line":437,"column":10},"end":{"line":440,"column":null}},"type":"if","locations":[{"start":{"line":437,"column":10},"end":{"line":440,"column":null}},{"start":{},"end":{}}],"line":437},"25":{"loc":{"start":{"line":446,"column":8},"end":{"line":449,"column":null}},"type":"if","locations":[{"start":{"line":446,"column":8},"end":{"line":449,"column":null}},{"start":{},"end":{}}],"line":446},"26":{"loc":{"start":{"line":464,"column":8},"end":{"line":466,"column":null}},"type":"if","locations":[{"start":{"line":464,"column":8},"end":{"line":466,"column":null}},{"start":{},"end":{}}],"line":464},"27":{"loc":{"start":{"line":487,"column":19},"end":{"line":487,"column":null}},"type":"cond-expr","locations":[{"start":{"line":487,"column":28},"end":{"line":487,"column":50}},{"start":{"line":487,"column":50},"end":{"line":487,"column":null}}],"line":487},"28":{"loc":{"start":{"line":493,"column":8},"end":{"line":493,"column":null}},"type":"if","locations":[{"start":{"line":493,"column":8},"end":{"line":493,"column":null}},{"start":{},"end":{}}],"line":493},"29":{"loc":{"start":{"line":514,"column":13},"end":{"line":514,"column":null}},"type":"binary-expr","locations":[{"start":{"line":514,"column":13},"end":{"line":514,"column":41}},{"start":{"line":514,"column":41},"end":{"line":514,"column":null}}],"line":514},"30":{"loc":{"start":{"line":544,"column":4},"end":{"line":546,"column":null}},"type":"if","locations":[{"start":{"line":544,"column":4},"end":{"line":546,"column":null}},{"start":{},"end":{}}],"line":544},"31":{"loc":{"start":{"line":627,"column":4},"end":{"line":627,"column":null}},"type":"if","locations":[{"start":{"line":627,"column":4},"end":{"line":627,"column":null}},{"start":{},"end":{}}],"line":627},"32":{"loc":{"start":{"line":631,"column":6},"end":{"line":631,"column":null}},"type":"if","locations":[{"start":{"line":631,"column":6},"end":{"line":631,"column":null}},{"start":{},"end":{}}],"line":631},"33":{"loc":{"start":{"line":664,"column":4},"end":{"line":666,"column":null}},"type":"if","locations":[{"start":{"line":664,"column":4},"end":{"line":666,"column":null}},{"start":{},"end":{}}],"line":664},"34":{"loc":{"start":{"line":688,"column":11},"end":{"line":688,"column":49}},"type":"binary-expr","locations":[{"start":{"line":688,"column":11},"end":{"line":688,"column":31}},{"start":{"line":688,"column":31},"end":{"line":688,"column":49}}],"line":688},"35":{"loc":{"start":{"line":690,"column":6},"end":{"line":690,"column":null}},"type":"if","locations":[{"start":{"line":690,"column":6},"end":{"line":690,"column":null}},{"start":{},"end":{}}],"line":690},"36":{"loc":{"start":{"line":694,"column":6},"end":{"line":696,"column":null}},"type":"if","locations":[{"start":{"line":694,"column":6},"end":{"line":696,"column":null}},{"start":{},"end":{}}],"line":694},"37":{"loc":{"start":{"line":706,"column":12},"end":{"line":712,"column":null}},"type":"if","locations":[{"start":{"line":706,"column":12},"end":{"line":712,"column":null}},{"start":{},"end":{}}],"line":706},"38":{"loc":{"start":{"line":710,"column":22},"end":{"line":710,"column":null}},"type":"cond-expr","locations":[{"start":{"line":710,"column":29},"end":{"line":710,"column":49}},{"start":{"line":710,"column":49},"end":{"line":710,"column":null}}],"line":710},"39":{"loc":{"start":{"line":717,"column":14},"end":{"line":723,"column":null}},"type":"if","locations":[{"start":{"line":717,"column":14},"end":{"line":723,"column":null}},{"start":{},"end":{}}],"line":717},"40":{"loc":{"start":{"line":721,"column":24},"end":{"line":721,"column":null}},"type":"cond-expr","locations":[{"start":{"line":721,"column":31},"end":{"line":721,"column":51}},{"start":{"line":721,"column":51},"end":{"line":721,"column":null}}],"line":721}},"s":{"0":0,"1":0,"2":0,"3":9,"4":9,"5":9,"6":9,"7":9,"8":9,"9":9,"10":0,"11":0,"12":0,"13":0,"14":0,"15":0,"16":0,"17":0,"18":0,"19":0,"20":0,"21":0,"22":0,"23":0,"24":0,"25":0,"26":0,"27":0,"28":0,"29":0,"30":0,"31":0,"32":0,"33":0,"34":0,"35":0,"36":0,"37":0,"38":0,"39":0,"40":0,"41":0,"42":0,"43":0,"44":0,"45":0,"46":0,"47":0,"48":0,"49":0,"50":0,"51":0,"52":0,"53":0,"54":0,"55":0,"56":0,"57":0,"58":0,"59":0,"60":0,"61":0,"62":0,"63":0,"64":0,"65":0,"66":0,"67":0,"68":0,"69":0,"70":0,"71":0,"72":0,"73":0,"74":0,"75":0,"76":0,"77":0,"78":0,"79":0,"80":0,"81":0,"82":0,"83":0,"84":0,"85":0,"86":0,"87":0,"88":0,"89":0,"90":0,"91":0,"92":0,"93":0,"94":0,"95":0,"96":0,"97":0,"98":0,"99":0,"100":0,"101":0,"102":0,"103":0,"104":0,"105":0,"106":0,"107":0,"108":0,"109":0,"110":0,"111":0,"112":0,"113":0,"114":0,"115":0,"116":0,"117":0,"118":0,"119":0,"120":0,"121":0,"122":0,"123":0,"124":0,"125":0,"126":0,"127":0,"128":0,"129":0,"130":0,"131":0,"132":0,"133":0,"134":0,"135":0,"136":0,"137":0,"138":0,"139":0,"140":0,"141":0,"142":0,"143":0,"144":0,"145":0,"146":0,"147":0,"148":0,"149":0,"150":0,"151":0,"152":0,"153":0,"154":0,"155":0,"156":0,"157":0,"158":0,"159":0,"160":0,"161":0,"162":0,"163":0,"164":0,"165":0,"166":0,"167":0,"168":0,"169":0,"170":0,"171":0,"172":0,"173":0,"174":0,"175":0,"176":0,"177":0,"178":0,"179":0,"180":0,"181":0,"182":0,"183":0,"184":0,"185":0,"186":0,"187":0,"188":0,"189":0,"190":0,"191":0,"192":0,"193":0,"194":0,"195":0,"196":0,"197":0,"198":0,"199":0,"200":0,"201":0,"202":0,"203":0,"204":0,"205":0,"206":0,"207":0,"208":0,"209":0,"210":0,"211":0,"212":0,"213":0,"214":0,"215":0},"f":{"0":0,"1":9,"2":0,"3":0,"4":0,"5":0,"6":0,"7":0,"8":0,"9":0,"10":0,"11":0,"12":0,"13":0,"14":0,"15":0,"16":0,"17":0,"18":0,"19":0,"20":0,"21":0,"22":0,"23":0,"24":0,"25":0,"26":0,"27":0,"28":0,"29":0,"30":0,"31":0},"b":{"0":[0,0],"1":[0,0],"2":[0,0],"3":[0,0],"4":[0,0],"5":[0,0],"6":[0,0],"7":[0,0],"8":[0,0],"9":[0,0],"10":[0,0],"11":[0,0],"12":[0,0],"13":[0,0],"14":[0,0],"15":[0,0],"16":[0,0],"17":[0,0],"18":[0,0],"19":[0,0],"20":[0,0],"21":[0,0],"22":[0,0],"23":[0,0],"24":[0,0],"25":[0,0],"26":[0,0],"27":[0,0],"28":[0,0],"29":[0,0],"30":[0,0],"31":[0,0],"32":[0,0],"33":[0,0],"34":[0,0],"35":[0,0],"36":[0,0],"37":[0,0],"38":[0,0],"39":[0,0],"40":[0,0]},"meta":{"lastBranch":41,"lastFunction":32,"lastStatement":216,"seen":{"f:61:9:61:50":0,"b:62:2:64:Infinity:undefined:undefined:undefined:undefined":0,"s:62:2:64:Infinity":0,"s:63:4:63:Infinity":1,"s:66:2:66:Infinity":2,"s:107:42:107:Infinity":3,"s:108:65:108:Infinity":4,"s:109:51:109:Infinity":5,"s:110:52:110:Infinity":6,"s:111:71:111:Infinity":7,"s:112:39:115:Infinity":8,"f:122:2:122:14":1,"s:123:4:123:Infinity":9,"f:137:8:137:13":2,"s:138:4:152:Infinity":10,"s:139:21:141:Infinity":11,"s:143:19:143:Infinity":12,"b:143:38:143:52:143:52:143:Infinity":1,"s:144:6:144:Infinity":13,"b:144:42:144:49:144:49:144:Infinity":2,"s:146:18:146:Infinity":14,"s:147:6:151:Infinity":15,"b:148:42:148:57:148:57:148:72":3,"f:162:8:162:14":3,"s:163:4:183:Infinity":16,"b:165:6:172:Infinity:169:13:172:Infinity":4,"s:165:6:172:Infinity":17,"s:166:24:166:Infinity":18,"s:167:21:167:Infinity":19,"s:168:8:168:Infinity":20,"s:171:8:171:Infinity":21,"s:175:6:175:Infinity":22,"s:177:18:177:Infinity":23,"s:178:6:182:Infinity":24,"b:179:43:179:58:179:58:179:73":5,"f:192:16:192:32":4,"s:193:21:193:Infinity":25,"s:194:21:194:Infinity":26,"s:197:14:197:Infinity":27,"s:198:4:200:Infinity":28,"s:199:6:199:Infinity":29,"s:202:23:202:Infinity":30,"s:203:21:203:Infinity":31,"s:204:4:204:Infinity":32,"s:205:4:205:Infinity":33,"f:214:8:214:15":5,"s:215:4:225:Infinity":34,"s:216:6:216:Infinity":35,"s:217:6:217:Infinity":36,"s:219:18:219:Infinity":37,"s:220:6:224:Infinity":38,"b:221:39:221:54:221:54:221:69":6,"f:235:8:235:13":6,"s:236:4:285:Infinity":39,"s:237:24:239:Infinity":40,"b:238:10:238:Infinity:239:10:239:Infinity":7,"b:237:24:237:40:237:40:237:Infinity":8,"s:241:35:241:Infinity":41,"s:245:6:275:Infinity":42,"s:246:26:248:Infinity":43,"b:247:12:247:Infinity:248:12:248:Infinity":9,"b:246:26:246:42:246:42:246:Infinity":10,"s:250:8:274:Infinity":44,"s:252:10:252:Infinity":45,"s:253:10:258:Infinity":46,"s:261:10:273:Infinity":47,"s:262:31:262:Infinity":48,"s:263:25:263:Infinity":49,"s:264:12:269:Infinity":50,"s:272:12:272:Infinity":51,"s:277:6:277:Infinity":52,"s:279:18:279:Infinity":53,"s:280:6:284:Infinity":54,"b:281:47:281:62:281:62:281:77":11,"f:294:8:294:15":7,"s:295:4:300:Infinity":55,"s:296:6:296:Infinity":56,"s:297:6:297:Infinity":57,"s:299:6:299:Infinity":58,"f:313:2:313:8":8,"s:314:4:314:Infinity":59,"b:317:4:323:Infinity:undefined:undefined:undefined:undefined":12,"s:317:4:323:Infinity":60,"b:317:8:317:31:317:31:317:52":13,"b:318:6:322:Infinity:320:13:322:Infinity":14,"s:318:6:322:Infinity":61,"s:319:8:319:Infinity":62,"s:321:8:321:Infinity":63,"s:326:4:333:Infinity":64,"f:327:15:327:21":9,"s:328:8:328:Infinity":65,"b:329:8:331:Infinity:undefined:undefined:undefined:undefined":15,"s:329:8:331:Infinity":66,"s:330:10:330:Infinity":67,"f:343:10:343:37":10,"s:344:4:382:Infinity":68,"s:346:24:346:Infinity":69,"b:348:6:350:Infinity:undefined:undefined:undefined:undefined":16,"s:348:6:350:Infinity":70,"s:349:8:349:Infinity":71,"s:353:6:372:Infinity":72,"f:353:40:353:47":11,"s:354:8:371:Infinity":73,"s:355:23:355:Infinity":74,"b:356:10:356:Infinity:undefined:undefined:undefined:undefined":17,"s:356:10:356:Infinity":75,"s:356:21:356:Infinity":76,"s:358:10:370:Infinity":77,"s:359:31:361:Infinity":78,"b:360:16:360:Infinity:361:16:361:Infinity":18,"s:363:26:367:Infinity":79,"b:364:16:364:Infinity:365:17:367:Infinity":19,"b:366:18:366:Infinity:367:18:367:Infinity":20,"s:369:12:369:Infinity":80,"s:375:7:376:Infinity":81,"s:377:6:377:Infinity":82,"s:379:6:379:Infinity":83,"s:380:6:380:Infinity":84,"s:381:6:381:Infinity":85,"f:388:10:388:36":12,"s:389:4:389:Infinity":86,"s:391:4:393:Infinity":87,"f:391:37:391:49":13,"s:392:6:392:Infinity":88,"s:396:4:396:Infinity":89,"f:402:10:402:31":14,"b:403:4:408:Infinity:undefined:undefined:undefined:undefined":21,"s:403:4:408:Infinity":90,"s:405:6:405:Infinity":91,"s:406:6:406:Infinity":92,"s:407:6:407:Infinity":93,"b:410:4:414:Infinity:undefined:undefined:undefined:undefined":22,"s:410:4:414:Infinity":94,"s:411:6:411:Infinity":95,"s:412:6:412:Infinity":96,"s:413:6:413:Infinity":97,"s:416:4:416:Infinity":98,"s:417:4:417:Infinity":99,"s:418:4:418:Infinity":100,"f:418:32:418:33":15,"s:418:43:418:62":101,"s:419:4:419:Infinity":102,"f:425:16:425:49":16,"s:426:4:453:Infinity":103,"s:427:27:427:Infinity":104,"s:428:25:428:Infinity":105,"s:431:6:442:Infinity":106,"b:432:8:441:Infinity:435:15:441:Infinity":23,"s:432:8:441:Infinity":107,"s:433:10:433:Infinity":108,"s:434:10:434:Infinity":109,"s:436:29:436:Infinity":110,"b:437:10:440:Infinity:undefined:undefined:undefined:undefined":24,"s:437:10:440:Infinity":111,"s:438:12:438:Infinity":112,"s:439:12:439:Infinity":113,"s:445:6:450:Infinity":114,"b:446:8:449:Infinity:undefined:undefined:undefined:undefined":25,"s:446:8:449:Infinity":115,"s:447:10:447:Infinity":116,"s:448:10:448:Infinity":117,"s:452:6:452:Infinity":118,"f:459:16:459:46":17,"s:460:4:472:Infinity":119,"s:461:20:461:Infinity":120,"s:463:6:467:Infinity":121,"b:464:8:466:Infinity:undefined:undefined:undefined:undefined":26,"s:464:8:466:Infinity":122,"s:465:10:465:Infinity":123,"s:469:6:469:Infinity":124,"s:471:6:471:Infinity":125,"f:478:16:478:Infinity":18,"s:482:28:482:Infinity":126,"s:486:4:501:Infinity":127,"s:487:19:487:Infinity":128,"b:487:28:487:50:487:50:487:Infinity":27,"s:490:6:500:Infinity":129,"s:491:23:491:Infinity":130,"b:493:8:493:Infinity:undefined:undefined:undefined:undefined":28,"s:493:8:493:Infinity":131,"s:493:44:493:Infinity":132,"s:495:25:495:Infinity":133,"s:496:8:496:Infinity":134,"s:499:8:499:Infinity":135,"s:503:4:503:Infinity":136,"f:509:16:509:31":19,"s:510:4:517:Infinity":137,"s:511:21:511:Infinity":138,"s:512:19:512:Infinity":139,"s:514:6:514:Infinity":140,"b:514:13:514:41:514:41:514:Infinity":29,"s:516:6:516:Infinity":141,"f:523:16:523:31":20,"s:524:4:535:Infinity":142,"s:525:21:525:Infinity":143,"s:526:19:526:Infinity":144,"s:528:6:532:Infinity":145,"s:534:6:534:Infinity":146,"f:541:10:541:21":21,"s:543:26:543:Infinity":147,"b:544:4:546:Infinity:undefined:undefined:undefined:undefined":30,"s:544:4:546:Infinity":148,"s:545:6:545:Infinity":149,"s:549:18:558:Infinity":150,"f:549:29:549:35":22,"s:550:6:556:Infinity":151,"s:551:8:555:Infinity":152,"s:552:10:552:Infinity":153,"s:554:10:554:Infinity":154,"s:557:6:557:Infinity":155,"s:560:4:560:Infinity":156,"f:570:16:570:26":23,"s:571:21:571:Infinity":157,"s:572:35:572:Infinity":158,"s:574:4:576:Infinity":159,"s:575:6:575:Infinity":160,"s:578:4:578:Infinity":161,"f:584:16:584:42":24,"s:585:21:585:Infinity":162,"s:586:14:586:Infinity":163,"s:588:4:590:Infinity":164,"s:589:6:589:Infinity":165,"s:592:4:592:Infinity":166,"f:598:16:598:30":25,"s:599:21:599:Infinity":167,"s:600:21:600:Infinity":168,"s:602:14:602:Infinity":169,"s:603:4:605:Infinity":170,"s:604:6:604:Infinity":171,"s:607:4:607:Infinity":172,"f:613:10:613:30":26,"s:614:4:614:Infinity":173,"f:620:10:620:26":27,"s:622:29:625:Infinity":174,"s:626:16:626:Infinity":175,"b:627:4:627:Infinity:undefined:undefined:undefined:undefined":31,"s:627:4:627:Infinity":176,"s:627:40:627:Infinity":177,"s:630:4:632:Infinity":178,"b:631:6:631:Infinity:undefined:undefined:undefined:undefined":32,"s:631:6:631:Infinity":179,"s:631:36:631:Infinity":180,"s:634:4:634:Infinity":181,"f:640:10:640:21":28,"s:641:27:646:Infinity":182,"s:647:16:647:Infinity":183,"s:648:4:648:Infinity":184,"f:662:16:662:29":29,"b:664:4:666:Infinity:undefined:undefined:undefined:undefined":33,"s:664:4:666:Infinity":185,"s:665:6:665:Infinity":186,"s:669:4:669:Infinity":187,"f:679:16:679:34":30,"s:681:69:683:Infinity":188,"s:684:20:684:Infinity":189,"s:685:21:685:Infinity":190,"s:686:16:686:Infinity":191,"s:688:4:734:Infinity":192,"b:688:11:688:31:688:31:688:49":34,"s:689:22:689:Infinity":193,"b:690:6:690:Infinity:undefined:undefined:undefined:undefined":35,"s:690:6:690:Infinity":194,"s:690:20:690:Infinity":195,"s:692:31:692:Infinity":196,"b:694:6:696:Infinity:undefined:undefined:undefined:undefined":36,"s:694:6:696:Infinity":197,"s:695:8:695:Infinity":198,"s:699:6:731:Infinity":199,"s:700:20:700:Infinity":200,"s:702:8:728:Infinity":201,"s:703:10:727:Infinity":202,"s:705:32:705:Infinity":203,"b:706:12:712:Infinity:undefined:undefined:undefined:undefined":37,"s:706:12:712:Infinity":204,"s:707:14:707:Infinity":205,"s:708:14:711:Infinity":206,"b:710:29:710:49:710:49:710:Infinity":38,"s:715:12:726:Infinity":207,"s:716:34:716:Infinity":208,"b:717:14:723:Infinity:undefined:undefined:undefined:undefined":39,"s:717:14:723:Infinity":209,"s:718:16:718:Infinity":210,"s:719:16:722:Infinity":211,"b:721:31:721:51:721:51:721:Infinity":40,"s:733:6:733:Infinity":212,"s:737:4:737:Infinity":213,"s:738:4:738:Infinity":214,"f:744:2:744:50":31,"s:745:4:745:Infinity":215}}}
,"/Users/apple/Documents/coding-projects/project-alpha-master/src/infrastructure/filesystem/handle-utils.ts": {"path":"/Users/apple/Documents/coding-projects/project-alpha-master/src/infrastructure/filesystem/handle-utils.ts","statementMap":{"0":{"start":{"line":23,"column":10},"end":{"line":23,"column":null}},"1":{"start":{"line":25,"column":4},"end":{"line":27,"column":null}},"2":{"start":{"line":26,"column":8},"end":{"line":26,"column":null}},"3":{"start":{"line":30,"column":4},"end":{"line":32,"column":null}},"4":{"start":{"line":31,"column":8},"end":{"line":31,"column":null}},"5":{"start":{"line":35,"column":21},"end":{"line":35,"column":null}},"6":{"start":{"line":36,"column":24},"end":{"line":36,"column":null}},"7":{"start":{"line":37,"column":22},"end":{"line":37,"column":null}},"8":{"start":{"line":39,"column":4},"end":{"line":39,"column":null}},"9":{"start":{"line":55,"column":10},"end":{"line":55,"column":null}},"10":{"start":{"line":57,"column":4},"end":{"line":59,"column":null}},"11":{"start":{"line":58,"column":8},"end":{"line":58,"column":null}},"12":{"start":{"line":62,"column":4},"end":{"line":66,"column":null}},"13":{"start":{"line":63,"column":8},"end":{"line":65,"column":null}},"14":{"start":{"line":69,"column":4},"end":{"line":69,"column":null}}},"fnMap":{"0":{"name":"getFileHandleFromPath","decl":{"start":{"line":18,"column":22},"end":{"line":18,"column":null}},"loc":{"start":{"line":22,"column":33},"end":{"line":40,"column":null}},"line":22},"1":{"name":"getDirectoryHandleFromPath","decl":{"start":{"line":50,"column":22},"end":{"line":50,"column":null}},"loc":{"start":{"line":54,"column":38},"end":{"line":70,"column":null}},"line":54}},"branchMap":{"0":{"loc":{"start":{"line":21,"column":4},"end":{"line":21,"column":null}},"type":"default-arg","locations":[{"start":{"line":21,"column":13},"end":{"line":21,"column":null}}],"line":21},"1":{"loc":{"start":{"line":25,"column":4},"end":{"line":27,"column":null}},"type":"if","locations":[{"start":{"line":25,"column":4},"end":{"line":27,"column":null}},{"start":{},"end":{}}],"line":25},"2":{"loc":{"start":{"line":30,"column":4},"end":{"line":32,"column":null}},"type":"if","locations":[{"start":{"line":30,"column":4},"end":{"line":32,"column":null}},{"start":{},"end":{}}],"line":30},"3":{"loc":{"start":{"line":53,"column":4},"end":{"line":53,"column":null}},"type":"default-arg","locations":[{"start":{"line":53,"column":13},"end":{"line":53,"column":null}}],"line":53},"4":{"loc":{"start":{"line":57,"column":4},"end":{"line":59,"column":null}},"type":"if","locations":[{"start":{"line":57,"column":4},"end":{"line":59,"column":null}},{"start":{},"end":{}}],"line":57},"5":{"loc":{"start":{"line":62,"column":4},"end":{"line":66,"column":null}},"type":"if","locations":[{"start":{"line":62,"column":4},"end":{"line":66,"column":null}},{"start":{},"end":{}}],"line":62},"6":{"loc":{"start":{"line":63,"column":15},"end":{"line":65,"column":null}},"type":"cond-expr","locations":[{"start":{"line":64,"column":14},"end":{"line":64,"column":null}},{"start":{"line":65,"column":14},"end":{"line":65,"column":null}}],"line":63}},"s":{"0":0,"1":0,"2":0,"3":0,"4":0,"5":0,"6":0,"7":0,"8":0,"9":0,"10":0,"11":0,"12":0,"13":0,"14":0},"f":{"0":0,"1":0},"b":{"0":[0],"1":[0,0],"2":[0,0],"3":[0],"4":[0,0],"5":[0,0],"6":[0,0]},"meta":{"lastBranch":7,"lastFunction":2,"lastStatement":15,"seen":{"f:18:22:18:Infinity":0,"b:21:13:21:Infinity":0,"s:23:10:23:Infinity":0,"b:25:4:27:Infinity:undefined:undefined:undefined:undefined":1,"s:25:4:27:Infinity":1,"s:26:8:26:Infinity":2,"b:30:4:32:Infinity:undefined:undefined:undefined:undefined":2,"s:30:4:32:Infinity":3,"s:31:8:31:Infinity":4,"s:35:21:35:Infinity":5,"s:36:24:36:Infinity":6,"s:37:22:37:Infinity":7,"s:39:4:39:Infinity":8,"f:50:22:50:Infinity":1,"b:53:13:53:Infinity":3,"s:55:10:55:Infinity":9,"b:57:4:59:Infinity:undefined:undefined:undefined:undefined":4,"s:57:4:59:Infinity":10,"s:58:8:58:Infinity":11,"b:62:4:66:Infinity:undefined:undefined:undefined:undefined":5,"s:62:4:66:Infinity":12,"s:63:8:65:Infinity":13,"b:64:14:64:Infinity:65:14:65:Infinity":6,"s:69:4:69:Infinity":14}}}
,"/Users/apple/Documents/coding-projects/project-alpha-master/src/infrastructure/filesystem/idb-gateway.ts": {"path":"/Users/apple/Documents/coding-projects/project-alpha-master/src/infrastructure/filesystem/idb-gateway.ts","statementMap":{"0":{"start":{"line":89,"column":65},"end":{"line":89,"column":null}},"1":{"start":{"line":90,"column":51},"end":{"line":90,"column":null}},"2":{"start":{"line":91,"column":52},"end":{"line":91,"column":null}},"3":{"start":{"line":92,"column":71},"end":{"line":92,"column":null}},"4":{"start":{"line":93,"column":39},"end":{"line":96,"column":null}},"5":{"start":{"line":104,"column":4},"end":{"line":104,"column":null}},"6":{"start":{"line":119,"column":4},"end":{"line":144,"column":null}},"7":{"start":{"line":120,"column":12},"end":{"line":120,"column":null}},"8":{"start":{"line":121,"column":6},"end":{"line":123,"column":null}},"9":{"start":{"line":122,"column":8},"end":{"line":122,"column":null}},"10":{"start":{"line":125,"column":21},"end":{"line":125,"column":null}},"11":{"start":{"line":126,"column":6},"end":{"line":131,"column":null}},"12":{"start":{"line":127,"column":8},"end":{"line":130,"column":null}},"13":{"start":{"line":133,"column":6},"end":{"line":133,"column":null}},"14":{"start":{"line":135,"column":6},"end":{"line":137,"column":null}},"15":{"start":{"line":136,"column":8},"end":{"line":136,"column":null}},"16":{"start":{"line":138,"column":18},"end":{"line":138,"column":null}},"17":{"start":{"line":139,"column":6},"end":{"line":143,"column":null}},"18":{"start":{"line":155,"column":4},"end":{"line":190,"column":null}},"19":{"start":{"line":156,"column":12},"end":{"line":156,"column":null}},"20":{"start":{"line":157,"column":6},"end":{"line":159,"column":null}},"21":{"start":{"line":158,"column":8},"end":{"line":158,"column":null}},"22":{"start":{"line":161,"column":18},"end":{"line":161,"column":null}},"23":{"start":{"line":162,"column":23},"end":{"line":162,"column":null}},"24":{"start":{"line":164,"column":36},"end":{"line":173,"column":null}},"25":{"start":{"line":175,"column":6},"end":{"line":175,"column":null}},"26":{"start":{"line":178,"column":6},"end":{"line":182,"column":null}},"27":{"start":{"line":184,"column":18},"end":{"line":184,"column":null}},"28":{"start":{"line":185,"column":6},"end":{"line":189,"column":null}},"29":{"start":{"line":200,"column":4},"end":{"line":229,"column":null}},"30":{"start":{"line":201,"column":12},"end":{"line":201,"column":null}},"31":{"start":{"line":202,"column":6},"end":{"line":204,"column":null}},"32":{"start":{"line":203,"column":8},"end":{"line":203,"column":null}},"33":{"start":{"line":207,"column":6},"end":{"line":207,"column":null}},"34":{"start":{"line":210,"column":23},"end":{"line":213,"column":null}},"35":{"start":{"line":215,"column":6},"end":{"line":219,"column":null}},"36":{"start":{"line":216,"column":8},"end":{"line":218,"column":null}},"37":{"start":{"line":217,"column":10},"end":{"line":217,"column":null}},"38":{"start":{"line":221,"column":6},"end":{"line":221,"column":null}},"39":{"start":{"line":223,"column":18},"end":{"line":223,"column":null}},"40":{"start":{"line":224,"column":6},"end":{"line":228,"column":null}},"41":{"start":{"line":240,"column":4},"end":{"line":295,"column":null}},"42":{"start":{"line":241,"column":12},"end":{"line":241,"column":null}},"43":{"start":{"line":242,"column":6},"end":{"line":244,"column":null}},"44":{"start":{"line":243,"column":8},"end":{"line":243,"column":null}},"45":{"start":{"line":246,"column":23},"end":{"line":249,"column":null}},"46":{"start":{"line":252,"column":21},"end":{"line":252,"column":null}},"47":{"start":{"line":253,"column":35},"end":{"line":253,"column":null}},"48":{"start":{"line":256,"column":19},"end":{"line":256,"column":null}},"49":{"start":{"line":258,"column":6},"end":{"line":285,"column":null}},"50":{"start":{"line":259,"column":29},"end":{"line":261,"column":null}},"51":{"start":{"line":263,"column":8},"end":{"line":263,"column":null}},"52":{"start":{"line":263,"column":58},"end":{"line":263,"column":null}},"53":{"start":{"line":266,"column":27},"end":{"line":266,"column":null}},"54":{"start":{"line":267,"column":30},"end":{"line":269,"column":null}},"55":{"start":{"line":271,"column":8},"end":{"line":284,"column":null}},"56":{"start":{"line":272,"column":10},"end":{"line":272,"column":null}},"57":{"start":{"line":274,"column":27},"end":{"line":274,"column":null}},"58":{"start":{"line":275,"column":30},"end":{"line":276,"column":null}},"59":{"start":{"line":278,"column":10},"end":{"line":283,"column":null}},"60":{"start":{"line":287,"column":6},"end":{"line":287,"column":null}},"61":{"start":{"line":289,"column":18},"end":{"line":289,"column":null}},"62":{"start":{"line":290,"column":6},"end":{"line":294,"column":null}},"63":{"start":{"line":305,"column":4},"end":{"line":312,"column":null}},"64":{"start":{"line":306,"column":12},"end":{"line":306,"column":null}},"65":{"start":{"line":307,"column":6},"end":{"line":307,"column":null}},"66":{"start":{"line":307,"column":15},"end":{"line":307,"column":null}},"67":{"start":{"line":308,"column":6},"end":{"line":311,"column":null}},"68":{"start":{"line":314,"column":4},"end":{"line":314,"column":null}},"69":{"start":{"line":314,"column":33},"end":{"line":314,"column":65}},"70":{"start":{"line":324,"column":4},"end":{"line":342,"column":null}},"71":{"start":{"line":325,"column":12},"end":{"line":325,"column":null}},"72":{"start":{"line":326,"column":6},"end":{"line":326,"column":null}},"73":{"start":{"line":326,"column":15},"end":{"line":326,"column":null}},"74":{"start":{"line":329,"column":25},"end":{"line":329,"column":null}},"75":{"start":{"line":330,"column":6},"end":{"line":330,"column":null}},"76":{"start":{"line":330,"column":22},"end":{"line":330,"column":null}},"77":{"start":{"line":333,"column":26},"end":{"line":337,"column":null}},"78":{"start":{"line":336,"column":24},"end":{"line":336,"column":56}},"79":{"start":{"line":339,"column":6},"end":{"line":339,"column":null}},"80":{"start":{"line":341,"column":6},"end":{"line":341,"column":null}},"81":{"start":{"line":356,"column":4},"end":{"line":356,"column":null}},"82":{"start":{"line":359,"column":4},"end":{"line":361,"column":null}},"83":{"start":{"line":360,"column":6},"end":{"line":360,"column":null}},"84":{"start":{"line":364,"column":4},"end":{"line":371,"column":null}},"85":{"start":{"line":366,"column":8},"end":{"line":366,"column":null}},"86":{"start":{"line":367,"column":8},"end":{"line":369,"column":null}},"87":{"start":{"line":368,"column":10},"end":{"line":368,"column":null}},"88":{"start":{"line":382,"column":4},"end":{"line":382,"column":null}},"89":{"start":{"line":384,"column":4},"end":{"line":386,"column":null}},"90":{"start":{"line":385,"column":6},"end":{"line":385,"column":null}},"91":{"start":{"line":389,"column":4},"end":{"line":389,"column":null}},"92":{"start":{"line":396,"column":4},"end":{"line":400,"column":null}},"93":{"start":{"line":397,"column":6},"end":{"line":397,"column":null}},"94":{"start":{"line":398,"column":6},"end":{"line":398,"column":null}},"95":{"start":{"line":399,"column":6},"end":{"line":399,"column":null}},"96":{"start":{"line":402,"column":4},"end":{"line":402,"column":null}},"97":{"start":{"line":403,"column":4},"end":{"line":403,"column":null}},"98":{"start":{"line":404,"column":4},"end":{"line":404,"column":null}},"99":{"start":{"line":404,"column":43},"end":{"line":404,"column":62}},"100":{"start":{"line":405,"column":4},"end":{"line":405,"column":null}},"101":{"start":{"line":412,"column":4},"end":{"line":453,"column":null}},"102":{"start":{"line":413,"column":12},"end":{"line":413,"column":null}},"103":{"start":{"line":414,"column":6},"end":{"line":414,"column":null}},"104":{"start":{"line":414,"column":15},"end":{"line":414,"column":null}},"105":{"start":{"line":416,"column":27},"end":{"line":419,"column":null}},"106":{"start":{"line":420,"column":25},"end":{"line":420,"column":null}},"107":{"start":{"line":420,"column":55},"end":{"line":420,"column":61}},"108":{"start":{"line":423,"column":6},"end":{"line":438,"column":null}},"109":{"start":{"line":424,"column":8},"end":{"line":437,"column":null}},"110":{"start":{"line":425,"column":10},"end":{"line":425,"column":null}},"111":{"start":{"line":426,"column":10},"end":{"line":426,"column":null}},"112":{"start":{"line":428,"column":26},"end":{"line":428,"column":null}},"113":{"start":{"line":428,"column":49},"end":{"line":428,"column":64}},"114":{"start":{"line":429,"column":10},"end":{"line":436,"column":null}},"115":{"start":{"line":430,"column":12},"end":{"line":430,"column":null}},"116":{"start":{"line":431,"column":12},"end":{"line":435,"column":null}},"117":{"start":{"line":441,"column":6},"end":{"line":450,"column":null}},"118":{"start":{"line":442,"column":8},"end":{"line":449,"column":null}},"119":{"start":{"line":443,"column":10},"end":{"line":443,"column":null}},"120":{"start":{"line":444,"column":10},"
[...]
"start":{"line":815,"column":49},"end":{"line":817,"column":null}},"line":815},"56":{"name":"saveConversationThread","decl":{"start":{"line":824,"column":22},"end":{"line":824,"column":null}},"loc":{"start":{"line":826,"column":17},"end":{"line":828,"column":null}},"line":826},"57":{"name":"getMostRecentThread","decl":{"start":{"line":836,"column":22},"end":{"line":836,"column":null}},"loc":{"start":{"line":838,"column":49},"end":{"line":846,"column":null}},"line":838},"58":{"name":"getThreadsForProject","decl":{"start":{"line":854,"column":22},"end":{"line":854,"column":null}},"loc":{"start":{"line":856,"column":39},"end":{"line":864,"column":null}},"line":856},"59":{"name":"deleteConversationThread","decl":{"start":{"line":871,"column":22},"end":{"line":871,"column":null}},"loc":{"start":{"line":873,"column":17},"end":{"line":875,"column":null}},"line":873},"60":{"name":"updateThreadScrollPosition","decl":{"start":{"line":883,"column":22},"end":{"line":883,"column":null}},"loc":{"start":{"line":886,"column":17},"end":{"line":891,"column":null}},"line":886},"61":{"name":"getSource","decl":{"start":{"line":903,"column":22},"end":{"line":903,"column":null}},"loc":{"start":{"line":905,"column":37},"end":{"line":907,"column":null}},"line":905},"62":{"name":"saveSource","decl":{"start":{"line":914,"column":22},"end":{"line":914,"column":null}},"loc":{"start":{"line":916,"column":17},"end":{"line":921,"column":null}},"line":916},"63":{"name":"getSourcesForProject","decl":{"start":{"line":929,"column":22},"end":{"line":929,"column":null}},"loc":{"start":{"line":931,"column":27},"end":{"line":939,"column":null}},"line":931},"64":{"name":"getSourcesByType","decl":{"start":{"line":948,"column":22},"end":{"line":948,"column":null}},"loc":{"start":{"line":951,"column":27},"end":{"line":956,"column":null}},"line":951},"65":{"name":"deleteSource","decl":{"start":{"line":963,"column":22},"end":{"line":963,"column":null}},"loc":{"start":{"line":965,"column":17},"end":{"line":967,"column":null}},"line":965},"66":{"name":"clearProjectSources","decl":{"start":{"line":975,"column":22},"end":{"line":975,"column":42}},"loc":{"start":{"line":975,"column":78},"end":{"line":977,"column":null}},"line":975},"67":{"name":"searchSources","decl":{"start":{"line":986,"column":22},"end":{"line":986,"column":null}},"loc":{"start":{"line":989,"column":27},"end":{"line":997,"column":null}},"line":989},"68":{"name":"(anonymous_68)","decl":{"start":{"line":993,"column":29},"end":{"line":993,"column":null}},"loc":{"start":{"line":994,"column":8},"end":{"line":995,"column":null}},"line":994},"69":{"name":"getSourceStats","decl":{"start":{"line":1005,"column":22},"end":{"line":1005,"column":null}},"loc":{"start":{"line":1012,"column":3},"end":{"line":1021,"column":null}},"line":1012},"70":{"name":"(anonymous_70)","decl":{"start":{"line":1017,"column":31},"end":{"line":1017,"column":36}},"loc":{"start":{"line":1017,"column":36},"end":{"line":1017,"column":52}},"line":1017},"71":{"name":"(anonymous_71)","decl":{"start":{"line":1018,"column":31},"end":{"line":1018,"column":36}},"loc":{"start":{"line":1018,"column":36},"end":{"line":1018,"column":52}},"line":1018},"72":{"name":"(anonymous_72)","decl":{"start":{"line":1019,"column":32},"end":{"line":1019,"column":37}},"loc":{"start":{"line":1019,"column":37},"end":{"line":1019,"column":54}},"line":1019},"73":{"name":"getCollectionsForProject","decl":{"start":{"line":1033,"column":22},"end":{"line":1033,"column":null}},"loc":{"start":{"line":1035,"column":31},"end":{"line":1042,"column":null}},"line":1035},"74":{"name":"getCollection","decl":{"start":{"line":1050,"column":22},"end":{"line":1050,"column":null}},"loc":{"start":{"line":1052,"column":41},"end":{"line":1054,"column":null}},"line":1052},"75":{"name":"saveCollection","decl":{"start":{"line":1061,"column":22},"end":{"line":1061,"column":null}},"loc":{"start":{"line":1063,"column":17},"end":{"line":1068,"column":null}},"line":1063},"76":{"name":"createCollection","decl":{"start":{"line":1078,"column":22},"end":{"line":1078,"column":null}},"loc":{"start":{"line":1082,"column":19},"end":{"line":1097,"column":null}},"line":1082},"77":{"name":"deleteCollection","decl":{"start":{"line":1104,"column":22},"end":{"line":1104,"column":null}},"loc":{"start":{"line":1106,"column":17},"end":{"line":1108,"column":null}},"line":1106},"78":{"name":"addSourceToCollection","decl":{"start":{"line":1116,"column":22},"end":{"line":1116,"column":null}},"loc":{"start":{"line":1119,"column":17},"end":{"line":1129,"column":null}},"line":1119},"79":{"name":"removeSourceFromCollection","decl":{"start":{"line":1137,"column":22},"end":{"line":1137,"column":null}},"loc":{"start":{"line":1140,"column":17},"end":{"line":1148,"column":null}},"line":1140},"80":{"name":"(anonymous_80)","decl":{"start":{"line":1145,"column":47},"end":{"line":1145,"column":53}},"loc":{"start":{"line":1145,"column":53},"end":{"line":1145,"column":68}},"line":1145},"81":{"name":"getSourcesForCollection","decl":{"start":{"line":1156,"column":22},"end":{"line":1156,"column":null}},"loc":{"start":{"line":1158,"column":27},"end":{"line":1164,"column":null}},"line":1158},"82":{"name":"(anonymous_82)","decl":{"start":{"line":1163,"column":26},"end":{"line":1163,"column":27}},"loc":{"start":{"line":1163,"column":52},"end":{"line":1163,"column":81}},"line":1163}},"branchMap":{"0":{"loc":{"start":{"line":262,"column":2},"end":{"line":262,"column":null}},"type":"if","locations":[{"start":{"line":262,"column":2},"end":{"line":262,"column":null}},{"start":{},"end":{}}],"line":262},"1":{"loc":{"start":{"line":263,"column":2},"end":{"line":274,"column":null}},"type":"if","locations":[{"start":{"line":263,"column":2},"end":{"line":274,"column":null}},{"start":{},"end":{}}],"line":263},"2":{"loc":{"start":{"line":268,"column":4},"end":{"line":273,"column":null}},"type":"if","locations":[{"start":{"line":268,"column":4},"end":{"line":273,"column":null}},{"start":{},"end":{}}],"line":268},"3":{"loc":{"start":{"line":293,"column":4},"end":{"line":295,"column":null}},"type":"if","locations":[{"start":{"line":293,"column":4},"end":{"line":295,"column":null}},{"start":{},"end":{}}],"line":293},"4":{"loc":{"start":{"line":331,"column":40},"end":{"line":331,"column":78}},"type":"default-arg","locations":[{"start":{"line":331,"column":48},"end":{"line":331,"column":78}}],"line":331},"5":{"loc":{"start":{"line":343,"column":4},"end":{"line":343,"column":null}},"type":"if","locations":[{"start":{"line":343,"column":4},"end":{"line":343,"column":null}},{"start":{},"end":{}}],"line":343},"6":{"loc":{"start":{"line":381,"column":4},"end":{"line":384,"column":null}},"type":"if","locations":[{"start":{"line":381,"column":4},"end":{"line":384,"column":null}},{"start":{},"end":{}}],"line":381},"7":{"loc":{"start":{"line":419,"column":41},"end":{"line":419,"column":94}},"type":"default-arg","locations":[{"start":{"line":419,"column":52},"end":{"line":419,"column":94}}],"line":419},"8":{"loc":{"start":{"line":492,"column":19},"end":{"line":492,"column":null}},"type":"binary-expr","locations":[{"start":{"line":492,"column":19},"end":{"line":492,"column":42}},{"start":{"line":492,"column":42},"end":{"line":492,"column":null}}],"line":492},"9":{"loc":{"start":{"line":600,"column":25},"end":{"line":600,"column":66}},"type":"binary-expr","locations":[{"start":{"line":600,"column":25},"end":{"line":600,"column":41}},{"start":{"line":600,"column":41},"end":{"line":600,"column":66}}],"line":600},"10":{"loc":{"start":{"line":610,"column":4},"end":{"line":610,"column":null}},"type":"default-arg","locations":[{"start":{"line":610,"column":15},"end":{"line":610,"column":null}}],"line":610},"11":{"loc":{"start":{"line":622,"column":4},"end":{"line":629,"column":null}},"type":"if","locations":[{"start":{"line":622,"column":4},"end":{"line":629,"column":null}},{"start":{"line":627,"column":11},"end":{"line":629,"column":null}}],"line":622},"12":{"loc":{"start":{"line":647,"column":19},"end":{"line":647,"column":null}},"type":"binary-expr","locations":[{"start":{"line":647,"column":19},"end":{"line":647,"column":42}},{"start":{"line":647,"column":42},"end":{"line":647,"column":null}}],"line":647},"13":{"loc":{"start":{"line":748,"column":4},"end":{"line":750,"column":null}},"type":"if","locations":[{"start":{"line":748,"column":4},"end":{"line":750,"column":null}},{"start":{},"end":{}}],"line":748},"14":{"loc":{"start":{"line":748,"column":8},"end":{"line":748,"column":46}},"type":"binary-expr","locations":[{"start":{"line":748,"column":8},"end":{"line":748,"column":20}},{"start":{"line":748,"column":20},"end":{"line":748,"column":46}}],"line":748},"15":{"loc":{"start":{"line":845,"column":11},"end":{"line":845,"column":null}},"type":"cond-expr","locations":[{"start":{"line":845,"column":32},"end":{"line":845,"column":62}},{"start":{"line":845,"column":62},"end":{"line":845,"column":null}}],"line":845},"16":{"loc":{"start":{"line":994,"column":8},"end":{"line":995,"column":null}},"type":"binary-expr","locations":[{"start":{"line":994,"column":8},"end":{"line":994,"column":null}},{"start":{"line":995,"column":8},"end":{"line":995,"column":null}}],"line":994},"17":{"loc":{"start":{"line":1081,"column":4},"end":{"line":1081,"column":null}},"type":"default-arg","locations":[{"start":{"line":1081,"column":59},"end":{"line":1081,"column":null}}],"line":1081},"18":{"loc":{"start":{"line":1121,"column":4},"end":{"line":1121,"column":null}},"type":"if","locations":[{"start":{"line":1121,"column":4},"end":{"line":1121,"column":null}},{"start":{},"end":{}}],"line":1121},"19":{"loc":{"start":{"line":1123,"column":4},"end":{"line":1128,"column":null}},"type":"if","locations":[{"start":{"line":1123,"column":4},"end":{"line":1128,"column":null}},{"start":{},"end":{}}],"line":1123},"20":{"loc":{"start":{"line":1142,"column":4},"end":{"line":1142,"column":null}},"type":"if","locations":[{"start":{"line":1142,"column":4},"end":{"line":1142,"column":null}},{"start":{},"end":{}}],"line":1142},"21":{"loc":{"start":{"line":1160,"column":4},"end":{"line":1160,"column":null}},"type":"if","locations":[{"start":{"line":1160,"column":4},"end":{"line":1160,"column":null}},{"start":{},"end":{}}],"line":1160},"22":{"loc":{"start":{"line":1160,"column":8},"end":{"line":1160,"column":58}},"type":"binary-expr","locations":[{"start":{"line":1160,"column":8},"end":{"line":1160,"column":23}},{"start":{"line":1160,"column":23},"end":{"line":1160,"column":58}}],"line":1160},"23":{"loc":{"start":{"line":1163,"column":52},"end":{"line":1163,"column":81}},"type":"binary-expr","locations":[{"start":{"line":1163,"column":52},"end":{"line":1163,"column":71}},{"start":{"line":1163,"column":71},"end":{"line":1163,"column":81}}],"line":1163}},"s":{"0":1,"1":1,"2":0,"3":0,"4":0,"5":0,"6":0,"7":0,"8":0,"9":0,"10":0,"11":0,"12":1,"13":0,"14":0,"15":0,"16":0,"17":0,"18":0,"19":0,"20":0,"21":0,"22":0,"23":0,"24":0,"25":0,"26":0,"27":0,"28":0,"29":0,"30":0,"31":0,"32":0,"33":0,"34":0,"35":0,"36":0,"37":0,"38":0,"39":0,"40":0,"41":0,"42":0,"43":0,"44":0,"45":0,"46":0,"47":0,"48":0,"49":0,"50":0,"51":0,"52":0,"53":0,"54":0,"55":0,"56":0,"57":0,"58":0,"59":0,"60":0,"61":0,"62":0,"63":0,"64":0,"65":0,"66":0,"67":0,"68":0,"69":0,"70":0,"71":0,"72":0,"73":0,"74":0,"75":0,"76":0,"77":0,"78":0,"79":0,"80":0,"81":0,"82":0,"83":0,"84":0,"85":0,"86":0,"87":0,"88":0,"89":0,"90":0,"91":0,"92":0,"93":0,"94":0,"95":0,"96":0,"97":0,"98":0,"99":0,"100":0,"101":0,"102":0,"103":0,"104":0,"105":0,"106":0,"107":0,"108":0,"109":0,"110":0,"111":0,"112":0,"113":0,"114":0,"115":0,"116":0,"117":0,"118":0,"119":0,"120":0,"121":0,"122":0,"123":0,"124":0,"125":0,"126":0,"127":0,"128":0,"129":0,"130":0,"131":0,"132":0,"133":0,"134":0,"135":0,"136":0,"137":0,"138":0,"139":0,"140":0,"141":0,"142":0,"143":0,"144":0,"145":0,"146":0,"147":0,"148":0,"149":0,"150":0,"151":0},"f":{"0":0,"1":0,"2":0,"3":0,"4":0,"5":0,"6":0,"7":0,"8":0,"9":0,"10":0,"11":0,"12":0,"13":0,"14":0,"15":0,"16":0,"17":0,"18":0,"19":0,"20":0,"21":0,"22":0,"23":0,"24":0,"25":0,"26":0,"27":0,"28":0,"29":0,"30":0,"31":0,"32":0,"33":0,"34":0,"35":0,"36":0,"37":0,"38":0,"39":0,"40":0,"41":0,"42":0,"43":0,"44":0,"45":0,"46":0,"47":0,"48":0,"49":0,"50":0,"51":0,"52":0,"53":0,"54":0,"55":0,"56":0,"57":0,"58":0,"59":0,"60":0,"61":0,"62":0,"63":0,"64":0,"65":0,"66":0,"67":0,"68":0,"69":0,"70":0,"71":0,"72":0,"73":0,"74":0,"75":0,"76":0,"77":0,"78":0,"79":0,"80":0,"81":0,"82":0},"b":{"0":[0,0],"1":[0,0],"2":[0,0],"3":[0,0],"4":[0],"5":[0,0],"6":[0,0],"7":[0],"8":[0,0],"9":[0,0],"10":[0],"11":[0,0],"12":[0,0],"13":[0,0],"14":[0,0],"15":[0,0],"16":[0,0],"17":[0],"18":[0,0],"19":[0,0],"20":[0,0],"21":[0,0],"22":[0,0],"23":[0,0]},"meta":{"lastBranch":24,"lastFunction":83,"lastStatement":152,"seen":{"s:248:41:248:Infinity":0,"s:249:45:249:Infinity":1,"f:261:16:261:48":0,"b:262:2:262:Infinity:undefined:undefined:undefined:undefined":0,"s:262:2:262:Infinity":2,"s:262:37:262:Infinity":3,"b:263:2:274:Infinity:undefined:undefined:undefined:undefined":1,"s:263:2:274:Infinity":4,"s:264:4:264:Infinity":5,"b:268:4:273:Infinity:undefined:undefined:undefined:undefined":2,"s:268:4:273:Infinity":6,"s:269:6:272:Infinity":7,"f:269:53:269:65":1,"s:270:8:270:Infinity":8,"s:271:8:271:Infinity":9,"s:275:2:275:Infinity":10,"f:282:16:282:60":2,"s:283:2:283:Infinity":11,"s:290:18:298:Infinity":12,"f:291:2:291:6":3,"s:292:21:292:Infinity":13,"b:293:4:295:Infinity:undefined:undefined:undefined:undefined":3,"s:293:4:295:Infinity":14,"s:294:6:294:Infinity":15,"s:296:4:296:Infinity":16,"f:307:22:307:34":4,"s:308:4:308:Infinity":17,"f:314:22:314:35":5,"s:315:4:318:Infinity":18,"f:324:22:324:37":6,"s:325:4:325:Infinity":19,"f:331:22:331:40":7,"b:331:48:331:78":4,"s:332:4:336:Infinity":20,"f:342:22:342:63":8,"b:343:4:343:Infinity:undefined:undefined:undefined:undefined":5,"s:343:4:343:Infinity":21,"s:343:42:343:Infinity":22,"s:344:4:344:Infinity":23,"s:345:4:345:Infinity":24,"f:355:22:355:36":9,"s:356:15:356:Infinity":25,"s:357:4:357:Infinity":26,"f:363:22:363:36":10,"s:364:15:364:Infinity":27,"s:365:4:370:Infinity":28,"f:376:22:376:Infinity":11,"s:380:21:380:Infinity":29,"b:381:4:384:Infinity:undefined:undefined:undefined:undefined":6,"s:381:4:384:Infinity":30,"s:382:19:382:Infinity":31,"s:383:8:383:Infinity":32,"f:390:22:390:39":12,"s:391:15:391:Infinity":33,"s:392:4:392:Infinity":34,"f:398:22:398:44":13,"s:399:4:399:Infinity":35,"f:405:22:405:74":14,"s:406:4:406:Infinity":36,"f:412:22:412:72":15,"s:413:4:413:Infinity":37,"f:419:22:419:41":16,"b:419:52:419:94":7,"s:420:19:420:Infinity":38,"s:421:23:424:Infinity":39,"s:426:4:428:Infinity":40,"s:427:8:427:Infinity":41,"s:430:4:430:Infinity":42,"f:436:22:436:Infinity":17,"s:444:16:444:Infinity":43,"s:445:4:452:Infinity":44,"f:447:28:447:29":18,"s:447:35:447:61":45,"f:448:28:448:29":19,"s:448:35:448:61":46,"f:449:27:449:28":20,"s:449:34:449:59":47,"f:450:26:450:27":21,"s:450:33:450:57":48,"f:451:29:451:30":22,"s:451:36:451:63":49,"f:462:22:462:Infinity":23,"s:466:4:469:Infinity":50,"f:475:22:475:Infinity":24,"s:478:4:478:Infinity":51,"f:484:22:484:Infinity":25,"s:487:16:487:Infinity":52,"s:488:21:488:Infinity":53,"s:490:4:494:Infinity":54,"b:492:19:492:42:492:42:492:Infinity":8,"f:500:22:500:Infinity":26,"s:503:16:503:Infinity":55,"s:504:28:508:Infinity":56,"f:504:40:504:41":27,"s:504:53:508:6":57,"s:510:4:510:Infinity":58,"f:516:22:516:Infinity":28,"s:520:4:523:Infinity":59,"f:529:22:529:47":29,"s:530:4:530:Infinity":60,"f:536:22:536:42":30,"s:537:21:537:Infinity":61,"s:538:4:538:Infinity":62,"f:538:27:538:28":31,"s:538:34:538:61":63,"f:548:22:548:Infinity":32,"s:551:51:554:Infinity":64,"s:556:4:556:Infinity":65,"s:557:4:557:Infinity":66,"f:563:22:563:Infinity":33,"s:566:4:569:Infinity":67,"f:575:22:575:Infinity":34,"s:578:4:578:Infinity":68,"f:584:22:584:Infinity":35,"s:588:4:588:Infinity":69,"f:594:22:594:Infinity":36,"s:597:17:601:Infinity":70,"f:600:16:600:17":37,"s:600:25:600:66":71,"b:600:25:600:41:600:41:600:66":9,"s:603:4:603:Infinity":72,"f:603:32:603:33":38,"s:603:41:603:53":73,"f:609:22:609:Infinity":39,"b:610:15:610:Infinity":10,"s:612:19:612:Infinity":74,"s:613:4:613:Infinity":75,"f:619:22:619:Infinity":40,"b:622:4:629:Infinity:627:11:629:Infinity":11,"s:622:4:629:Infinity":76,"s:623:8:626:Infinity":77,"s:628:8:628:Infinity":78,"f:639:22:639:Infinity":41,"s:642:16:642:Infinity":79,"s:643:21:643:Infinity":80,"s:645:4:649:Infinity":81,"b:647:19:647:42:647:42:647:Infinity":12,"f:655:22:655:Infinity":42,"s:658:4:658:Infinity":82,"f:664:22:664:Infinity":43,"s:668:4:672:Infinity":83,"f:678:22:678:38":44,"s:679:4:679:Infinity":84,"f:685:22:685:Infinity":45,"s:689:4:692:Infinity":85,"f:698:22:698:58":46,"s:699:4:699:Infinity":86,"f:705:22:705:74":47,"s:706:4:709:Infinity":87,"f:719:22:719:Infinity":48,"s:722:16:722:Infinity":88,"s:723:22:723:Infinity":89,"s:725:4:729:Infinity":90,"f:735:22:735:Infinity":49,"s:738:16:738:Infinity":91,"s:739:22:744:Infinity":92,"s:747:21:747:Infinity":93,"b:748:4:750:Infinity:undefined:undefined:undefined:undefined":13,"s:748:4:750:Infinity":94,"b:748:8:748:20:748:20:748:46":14,"s:749:8:749:Infinity":95,"s:751:4:751:Infinity":96,"f:757:22:757:44":50,"s:758:4:758:Infinity":97,"f:764:22:764:70":51,"s:765:16:765:Infinity":98,"s:766:4:766:Infinity":99,"f:772:22:772:51":52,"s:773:4:773:Infinity":100,"f:788:22:788:43":53,"s:789:4:792:Infinity":101,"f:799:22:799:62":54,"s:800:4:800:Infinity":102,"f:813:22:813:Infinity":55,"s:816:4:816:Infinity":103,"f:824:22:824:Infinity":56,"s:827:4:827:Infinity":104,"f:836:22:836:Infinity":57,"s:839:20:842:Infinity":105,"s:845:4:845:Infinity":106,"b:845:32:845:62:845:62:845:Infinity":15,"f:854:22:854:Infinity":58,"s:857:20:860:Infinity":107,"s:863:4:863:Infinity":108,"f:871:22:871:Infinity":59,"s:874:4:874:Infinity":109,"f:883:22:883:Infinity":60,"s:887:4:890:Infinity":110,"f:903:22:903:Infinity":61,"s:906:4:906:Infinity":111,"f:914:22:914:Infinity":62,"s:917:4:920:Infinity":112,"f:929:22:929:Infinity":63,"s:932:20:935:Infinity":113,"s:938:4:938:Infinity":114,"f:948:22:948:Infinity":64,"s:952:4:955:Infinity":115,"f:963:22:963:Infinity":65,"s:966:4:966:Infinity":116,"f:975:22:975:42":66,"s:976:4:976:Infinity":117,"f:986:22:986:Infinity":67,"s:990:23:990:Infinity":118,"s:991:23:991:Infinity":119,"s:993:4:996:Infinity":120,"f:993:29:993:Infinity":68,"s:994:8:995:Infinity":121,"b:994:8:994:Infinity:995:8:995:Infinity":16,"f:1005:22:1005:Infinity":69,"s:1013:23:1013:Infinity":122,"s:1015:4:1020:Infinity":123,"f:1017:31:1017:36":70,"s:1017:36:1017:52":124,"f:1018:31:1018:36":71,"s:1018:36:1018:52":125,"f:1019:32:1019:37":72,"s:1019:37:1019:54":126,"f:1033:22:1033:Infinity":73,"s:1036:24:1039:Infinity":127,"s:1041:4:1041:Infinity":128,"f:1050:22:1050:Infinity":74,"s:1053:4:1053:Infinity":129,"f:1061:22:1061:Infinity":75,"s:1064:4:1067:Infinity":130,"f:1078:22:1078:Infinity":76,"b:1081:59:1081:Infinity":17,"s:1083:15:1083:Infinity":131,"s:1084:16:1084:Infinity":132,"s:1086:4:1094:Infinity":133,"s:1096:4:1096:Infinity":134,"f:1104:22:1104:Infinity":77,"s:1107:4:1107:Infinity":135,"f:1116:22:1116:Infinity":78,"s:1120:23:1120:Infinity":136,"b:1121:4:1121:Infinity:undefined:undefined:undefined:undefined":18,"s:1121:4:1121:Infinity":137,"s:1121:21:1121:Infinity":138,"b:1123:4:1128:Infinity:undefined:undefined:undefined:undefined":19,"s:1123:4:1128:Infinity":139,"s:1124:8:1127:Infinity":140,"f:1137:22:1137:Infinity":79,"s:1141:23:1141:Infinity":141,"b:1142:4:1142:Infinity:undefined:undefined:undefined:undefined":20,"s:1142:4:1142:Infinity":142,"s:1142:21:1142:Infinity":143,"s:1144:4:1147:Infinity":144,"f:1145:47:1145:53":80,"s:1145:53:1145:68":145,"f:1156:22:1156:Infinity":81,"s:1159:23:1159:Infinity":146,"b:1160:4:1160:Infinity:undefined:undefined:undefined:undefined":21,"s:1160:4:1160:Infinity":147,"b:1160:8:1160:23:1160:23:1160:58":22,"s:1160:58:1160:Infinity":148,"s:1162:20:1162:Infinity":149,"s:1163:4:1163:Infinity":150,"f:1163:26:1163:27":82,"s:1163:52:1163:81":151,"b:1163:52:1163:71:1163:71:1163:81":23}}}
}
